Log file open, 02/21/19 20:30:47
LogWindows: Failed to load 'aqProf.dll' (GetLastError=126)
LogWindows: File 'aqProf.dll' does not exist
LogWindows: Failed to load 'VtuneApi.dll' (GetLastError=126)
LogWindows: File 'VtuneApi.dll' does not exist
LogWindows: Failed to load 'VtuneApi32e.dll' (GetLastError=126)
LogWindows: File 'VtuneApi32e.dll' does not exist
LogConsoleResponse: Display: Failed to find resolution value strings in scalability ini. Falling back to default.
LogInit: Display: Running engine for game: CoolPenguin
LogPakFile: Registered encryption key '00000000000000000000000000000000': 0 pak files mounted, 0 remain pending
LogPlatformFile: Not using cached read wrapper
LogTaskGraph: Started task graph with 5 named threads and 14 total threads with 3 sets of task threads.
LogStats: Stats thread started at 0.201933
LogD3D11RHI: Loaded GFSDK_Aftermath_Lib.x64.dll
LogICUInternationalization: ICU TimeZone Detection - Raw Offset: -5:00, Platform Override: ''
LogPluginManager: Mounting plugin Paper2D
LogPluginManager: Mounting plugin AISupport
LogPluginManager: Mounting plugin LightPropagationVolume
LogPluginManager: Mounting plugin ActorLayerUtilities
LogPluginManager: Mounting plugin CLionSourceCodeAccess
LogPluginManager: Mounting plugin CodeLiteSourceCodeAccess
LogPluginManager: Mounting plugin GitSourceControl
LogPluginManager: Mounting plugin KDevelopSourceCodeAccess
LogPluginManager: Mounting plugin NullSourceCodeAccess
LogPluginManager: Mounting plugin PerforceSourceControl
LogPluginManager: Mounting plugin SubversionSourceControl
LogPluginManager: Mounting plugin UObjectPlugin
LogPluginManager: Mounting plugin VisualStudioCodeSourceCodeAccess
LogPluginManager: Mounting plugin VisualStudioSourceCodeAccess
LogPluginManager: Mounting plugin XCodeSourceCodeAccess
LogPluginManager: Mounting plugin AssetManagerEditor
LogPluginManager: Mounting plugin CryptoKeys
LogPluginManager: Mounting plugin DataValidation
LogPluginManager: Mounting plugin FacialAnimation
LogPluginManager: Mounting plugin GameplayTagsEditor
LogPluginManager: Mounting plugin MacGraphicsSwitching
LogPluginManager: Mounting plugin MeshEditor
LogPluginManager: Mounting plugin MobileLauncherProfileWizard
LogPluginManager: Mounting plugin PluginBrowser
LogPluginManager: Mounting plugin SpeedTreeImporter
LogPluginManager: Mounting plugin DatasmithContent
LogPluginManager: Mounting plugin VariantManagerContent
LogPluginManager: Mounting plugin AlembicImporter
LogPluginManager: Mounting plugin AppleImageUtils
LogPluginManager: Mounting plugin AppleVision
LogPluginManager: Mounting plugin BackChannel
LogPluginManager: Mounting plugin CharacterAI
LogPluginManager: Mounting plugin GeometryCache
LogPluginManager: Mounting plugin HTML5Networking
LogPluginManager: Mounting plugin ProxyLODPlugin
LogPluginManager: Mounting plugin MagicLeap
LogPluginManager: Mounting plugin MagicLeapMedia
LogPluginManager: Mounting plugin AndroidMedia
LogPluginManager: Mounting plugin AvfMedia
LogPluginManager: Mounting plugin ImgMedia
LogPluginManager: Mounting plugin LinearTimecode
LogPluginManager: Mounting plugin MediaCompositing
LogPluginManager: Mounting plugin MediaPlayerEditor
LogPluginManager: Mounting plugin WebMMedia
LogPluginManager: Mounting plugin WmfMedia
LogPluginManager: Mounting plugin TcpMessaging
LogPluginManager: Mounting plugin UdpMessaging
LogPluginManager: Mounting plugin ActorSequence
LogPluginManager: Mounting plugin LevelSequenceEditor
LogPluginManager: Mounting plugin MatineeToLevelSequence
LogPluginManager: Mounting plugin NetcodeUnitTest
LogPluginManager: Mounting plugin NUTUnrealEngine4
LogPluginManager: Mounting plugin OnlineSubsystemGooglePlay
LogPluginManager: Mounting plugin OnlineSubsystemIOS
LogPluginManager: Mounting plugin OnlineSubsystem
LogPluginManager: Mounting plugin OnlineSubsystemNull
LogPluginManager: Mounting plugin OnlineSubsystemUtils
LogPluginManager: Mounting plugin LauncherChunkInstaller
LogPluginManager: Mounting plugin AndroidDeviceProfileSelector
LogPluginManager: Mounting plugin AndroidMoviePlayer
LogPluginManager: Mounting plugin AndroidPermission
LogPluginManager: Mounting plugin AppleMoviePlayer
LogPluginManager: Mounting plugin ArchVisCharacter
LogPluginManager: Mounting plugin AudioCapture
LogPluginManager: Mounting plugin CableComponent
LogPluginManager: Mounting plugin CustomMeshComponent
LogPluginManager: Mounting plugin EditableMesh
LogPluginManager: Mounting plugin ExampleDeviceProfileSelector
LogPluginManager: Mounting plugin Firebase
LogPluginManager: Mounting plugin GoogleCloudMessaging
LogPluginManager: Mounting plugin IOSDeviceProfileSelector
LogPluginManager: Mounting plugin LinuxDeviceProfileSelector
LogPluginManager: Mounting plugin LocationServicesBPLibrary
LogPluginManager: Mounting plugin MobilePatchingUtils
LogPluginManager: Mounting plugin OculusVR
LogPluginManager: Mounting plugin PhysXVehicles
LogPluginManager: Mounting plugin ProceduralMeshComponent
LogPluginManager: Mounting plugin RuntimePhysXCooking
LogPluginManager: Mounting plugin SteamVR
LogPluginManager: Mounting plugin WebMMoviePlayer
LogPluginManager: Mounting plugin WindowsMoviePlayer
LogStreaming: Display: Took  0.476s to configure plugins.
LogInit: Using libcurl 7.55.1-DEV
LogInit:  - built for x86_64-pc-win32
LogInit:  - supports SSL with OpenSSL/1.0.2h
LogInit:  - supports HTTP deflate (compression) using libz 1.2.8
LogInit:  - other features:
LogInit:      CURL_VERSION_SSL
LogInit:      CURL_VERSION_LIBZ
LogInit:      CURL_VERSION_IPV6
LogInit:      CURL_VERSION_ASYNCHDNS
LogInit:      CURL_VERSION_LARGEFILE
LogInit:      CURL_VERSION_IDN
LogInit:  CurlRequestOptions (configurable via config and command line):
LogInit:  - bVerifyPeer = true  - Libcurl will verify peer certificate
LogInit:  - bUseHttpProxy = false  - Libcurl will NOT use HTTP proxy
LogInit:  - bDontReuseConnections = false  - Libcurl will reuse connections
LogInit:  - MaxHostConnections = 16  - Libcurl will limit the number of connections to a host
LogInit:  - LocalHostAddr = Default
LogInit:  - BufferSize = 65536
LogInit: WinSock: version 1.1 (2.2), MaxSocks=32767, MaxUdp=65467
LogInit: Build: ++UE4+Release-4.21-CL-4753647
LogInit: Engine Version: 4.21.2-4753647+++UE4+Release-4.21
LogInit: Compatible Engine Version: 4.21.0-4541578+++UE4+Release-4.21
LogInit: Net CL: 4541578
LogInit: OS: Windows 10 (), CPU: AMD Ryzen 3 1200 Quad-Core Processor           , GPU: NVIDIA GeForce GTX 1060 3GB
LogInit: Compiled (64-bit): Jan 19 2019 02:07:31
LogInit: Compiled with Visual C++: 19.13.26129.00
LogInit: Build Configuration: Development
LogInit: Branch Name: ++UE4+Release-4.21
LogInit: Command Line:  -EpicPortal -epicusername=CarlosSamaniego -epicuserid=0b9fe8766d38482db3e42e73de7854c8 -epiclocale=es-ES
LogInit: Base Directory: C:/Program Files/Epic Games/UE_4.21/Engine/Binaries/Win64/
LogInit: Installed Engine Build: 1
LogDevObjectVersion: Number of dev versions registered: 22
LogDevObjectVersion:   Dev-Blueprints (B0D832E4-1F89-4F0D-ACCF-7EB736FD4AA2): 10
LogDevObjectVersion:   Dev-Build (E1C64328-A22C-4D53-A36C-8E866417BD8C): 0
LogDevObjectVersion:   Dev-Core (375EC13C-06E4-48FB-B500-84F0262A717E): 2
LogDevObjectVersion:   Dev-Editor (E4B068ED-F494-42E9-A231-DA0B2E46BB41): 26
LogDevObjectVersion:   Dev-Framework (CFFC743F-43B0-4480-9391-14DF171D2073): 34
LogDevObjectVersion:   Dev-Mobile (B02B49B5-BB20-44E9-A304-32B752E40360): 2
LogDevObjectVersion:   Dev-Networking (A4E4105C-59A1-49B5-A7C5-40C4547EDFEE): 0
LogDevObjectVersion:   Dev-Online (39C831C9-5AE6-47DC-9A44-9C173E1C8E7C): 0
LogDevObjectVersion:   Dev-Physics (78F01B33-EBEA-4F98-B9B4-84EACCB95AA2): 0
LogDevObjectVersion:   Dev-Platform (6631380F-2D4D-43E0-8009-CF276956A95A): 0
LogDevObjectVersion:   Dev-Rendering (12F88B9F-8875-4AFC-A67C-D90C383ABD29): 27
LogDevObjectVersion:   Dev-Sequencer (7B5AE74C-D270-4C10-A958-57980B212A5A): 9
LogDevObjectVersion:   Dev-VR (D7296918-1DD6-4BDD-9DE2-64A83CC13884): 2
LogDevObjectVersion:   Dev-LoadTimes (C2A15278-BFE7-4AFE-6C17-90FF531DF755): 1
LogDevObjectVersion:   Private-Geometry (6EACA3D4-40EC-4CC1-B786-8BED09428FC5): 3
LogDevObjectVersion:   Dev-AnimPhys (29E575DD-E0A3-4627-9D10-D276232CDCEA): 17
LogDevObjectVersion:   Dev-Anim (AF43A65D-7FD3-4947-9873-3E8ED9C1BB05): 2
LogDevObjectVersion:   Dev-ReflectionCapture (6B266CEC-1EC7-4B8F-A30B-E4D90942FC07): 1
LogDevObjectVersion:   Dev-Automation (0DF73D61-A23F-47EA-B727-89E90C41499A): 1
LogDevObjectVersion:   FortniteMain (601D1886-AC64-4F84-AA16-D3DE0DEAC7D6): 17
LogDevObjectVersion:   Dev-Enterprise (9DFFBCD6-494F-0158-E221-12823C92A888): 4
LogDevObjectVersion:   Dev-Niagara (F2AED0AC-9AFE-416F-8664-AA7FFA26D6FC): 1
LogStreaming: Display: Took  0.019s to delete old logs.
LogInit: Presizing for max 8388607 objects, including 0 objects not considered by GC, pre-allocating 0 bytes for permanent pool.
LogInit: Object subsystem initialized
LogConfig: Setting CVar [[con.DebugEarlyDefault:1]]
LogConfig: Setting CVar [[r.setres:1280x720]]
[2019.02.22-01.30.48:220][  0]LogConfig: Setting CVar [[r.VSync:0]]
[2019.02.22-01.30.48:220][  0]LogConfig: Setting CVar [[r.RHICmdBypass:0]]
[2019.02.22-01.30.48:220][  0]LogConfig: Applying CVar settings from Section [/Script/Engine.RendererSettings] File [C:/Users/Carlos-PC/Documents/Unreal Projects/01_CoolPinguin/CoolPenguin/CoolPenguin/Saved/Config/Windows/Engine.ini]
[2019.02.22-01.30.48:220][  0]LogConfig: Setting CVar [[r.GPUCrashDebugging:0]]
[2019.02.22-01.30.48:220][  0]LogConfig: Setting CVar [[r.MobileHDR:1]]
[2019.02.22-01.30.48:220][  0]LogConfig: Setting CVar [[r.Mobile.DisableVertexFog:1]]
[2019.02.22-01.30.48:220][  0]LogConfig: Setting CVar [[r.Shadow.CSM.MaxMobileCascades:2]]
[2019.02.22-01.30.48:220][  0]LogConfig: Setting CVar [[r.MobileMSAA:1]]
[2019.02.22-01.30.48:220][  0]LogConfig: Setting CVar [[r.Mobile.UseLegacyShadingModel:0]]
[2019.02.22-01.30.48:220][  0]LogConfig: Setting CVar [[r.Mobile.AllowDitheredLODTransition:0]]
[2019.02.22-01.30.48:220][  0]LogConfig: Setting CVar [[r.Mobile.AllowSoftwareOcclusion:0]]
[2019.02.22-01.30.48:220][  0]LogConfig: Setting CVar [[r.DiscardUnusedQuality:0]]
[2019.02.22-01.30.48:220][  0]LogConfig: Setting CVar [[r.AllowOcclusionQueries:1]]
[2019.02.22-01.30.48:220][  0]LogConfig: Setting CVar [[r.MinScreenRadiusForLights:0.030000]]
[2019.02.22-01.30.48:220][  0]LogConfig: Setting CVar [[r.MinScreenRadiusForDepthPrepass:0.030000]]
[2019.02.22-01.30.48:220][  0]LogConfig: Setting CVar [[r.MinScreenRadiusForCSMDepth:0.010000]]
[2019.02.22-01.30.48:220][  0]LogConfig: Setting CVar [[r.PrecomputedVisibilityWarning:0]]
[2019.02.22-01.30.48:220][  0]LogConfig: Setting CVar [[r.TextureStreaming:1]]
[2019.02.22-01.30.48:220][  0]LogConfig: Setting CVar [[Compat.UseDXT5NormalMaps:0]]
[2019.02.22-01.30.48:220][  0]LogConfig: Setting CVar [[r.ClearCoatNormal:0]]
[2019.02.22-01.30.48:221][  0]LogConfig: Setting CVar [[r.ReflectionCaptureResolution:128]]
[2019.02.22-01.30.48:221][  0]LogConfig: Setting CVar [[r.ReflectionEnvironmentLightmapMixBasedOnRoughness:1]]
[2019.02.22-01.30.48:221][  0]LogConfig: Setting CVar [[r.ForwardShading:0]]
[2019.02.22-01.30.48:221][  0]LogConfig: Setting CVar [[r.VertexFoggingForOpaque:1]]
[2019.02.22-01.30.48:221][  0]LogConfig: Setting CVar [[r.AllowStaticLighting:1]]
[2019.02.22-01.30.48:221][  0]LogConfig: Setting CVar [[r.NormalMapsForStaticLighting:0]]
[2019.02.22-01.30.48:221][  0]LogConfig: Setting CVar [[r.GenerateMeshDistanceFields:0]]
[2019.02.22-01.30.48:221][  0]LogConfig: Setting CVar [[r.DistanceFieldBuild.EightBit:0]]
[2019.02.22-01.30.48:221][  0]LogConfig: Setting CVar [[r.GenerateLandscapeGIData:0]]
[2019.02.22-01.30.48:221][  0]LogConfig: Setting CVar [[r.DistanceFieldBuild.Compress:0]]
[2019.02.22-01.30.48:221][  0]LogConfig: Setting CVar [[r.TessellationAdaptivePixelsPerTriangle:48.000000]]
[2019.02.22-01.30.48:221][  0]LogConfig: Setting CVar [[r.SeparateTranslucency:0]]
[2019.02.22-01.30.48:221][  0]LogConfig: Setting CVar [[r.TranslucentSortPolicy:0]]
[2019.02.22-01.30.48:221][  0]LogConfig: Setting CVar [[r.CustomDepth:1]]
[2019.02.22-01.30.48:221][  0]LogConfig: Setting CVar [[r.CustomDepthTemporalAAJitter:1]]
[2019.02.22-01.30.48:221][  0]LogConfig: Setting CVar [[r.PostProcessing.PropagateAlpha:0]]
[2019.02.22-01.30.48:221][  0]LogConfig: Setting CVar [[r.DOF.Algorithm:1]]
[2019.02.22-01.30.48:221][  0]LogConfig: Setting CVar [[r.DefaultFeature.Bloom:1]]
[2019.02.22-01.30.48:221][  0]LogConfig: Setting CVar [[r.DefaultFeature.AmbientOcclusion:0]]
[2019.02.22-01.30.48:221][  0]LogConfig: Setting CVar [[r.DefaultFeature.AmbientOcclusionStaticFraction:1]]
[2019.02.22-01.30.48:221][  0]LogConfig: Setting CVar [[r.DefaultFeature.AutoExposure:0]]
[2019.02.22-01.30.48:221][  0]LogConfig: Setting CVar [[r.DefaultFeature.AutoExposure.Method:0]]
[2019.02.22-01.30.48:221][  0]LogConfig: Setting CVar [[r.DefaultFeature.AutoExposure.ExtendDefaultLuminanceRange:0]]
[2019.02.22-01.30.48:221][  0]LogConfig: Setting CVar [[r.UsePreExposure:0]]
[2019.02.22-01.30.48:221][  0]LogConfig: Setting CVar [[r.DefaultFeature.MotionBlur:0]]
[2019.02.22-01.30.48:221][  0]LogConfig: Setting CVar [[r.DefaultFeature.LensFlare:0]]
[2019.02.22-01.30.48:221][  0]LogConfig: Setting CVar [[r.TemporalAA.Upsampling:0]]
[2019.02.22-01.30.48:221][  0]LogConfig: Setting CVar [[r.DefaultFeature.AntiAliasing:0]]
[2019.02.22-01.30.48:221][  0]LogConfig: Setting CVar [[r.DefaultFeature.LightUnits:1]]
[2019.02.22-01.30.48:221][  0]LogConfig: Setting CVar [[r.DefaultBackBufferPixelFormat:4]]
[2019.02.22-01.30.48:221][  0]LogConfig: Setting CVar [[r.Shadow.UnbuiltPreviewInGame:1]]
[2019.02.22-01.30.48:221][  0]LogConfig: Setting CVar [[r.StencilForLODDither:0]]
[2019.02.22-01.30.48:221][  0]LogConfig: Setting CVar [[r.EarlyZPass:3]]
[2019.02.22-01.30.48:221][  0]LogConfig: Setting CVar [[r.EarlyZPassMovable:1]]
[2019.02.22-01.30.48:221][  0]LogConfig: Setting CVar [[r.EarlyZPassOnlyMaterialMasking:0]]
[2019.02.22-01.30.48:221][  0]LogConfig: Setting CVar [[r.DBuffer:1]]
[2019.02.22-01.30.48:221][  0]LogConfig: Setting CVar [[r.ClearSceneMethod:1]]
[2019.02.22-01.30.48:221][  0]LogConfig: Setting CVar [[r.BasePassOutputsVelocity:0]]
[2019.02.22-01.30.48:221][  0]LogConfig: Setting CVar [[r.SelectiveBasePassOutputs:0]]
[2019.02.22-01.30.48:221][  0]LogConfig: Setting CVar [[fx.GPUSimulationTextureSizeX:1024]]
[2019.02.22-01.30.48:221][  0]LogConfig: Setting CVar [[fx.GPUSimulationTextureSizeY:1024]]
[2019.02.22-01.30.48:221][  0]LogConfig: Setting CVar [[r.AllowGlobalClipPlane:0]]
[2019.02.22-01.30.48:221][  0]LogConfig: Setting CVar [[r.GBufferFormat:1]]
[2019.02.22-01.30.48:221][  0]LogConfig: Setting CVar [[r.MorphTarget.Mode:1]]
[2019.02.22-01.30.48:221][  0]LogConfig: Setting CVar [[vr.InstancedStereo:0]]
[2019.02.22-01.30.48:221][  0]LogConfig: Setting CVar [[vr.MultiView:0]]
[2019.02.22-01.30.48:221][  0]LogConfig: Setting CVar [[vr.MobileMultiView:0]]
[2019.02.22-01.30.48:221][  0]LogConfig: Setting CVar [[vr.MobileMultiView.Direct:0]]
[2019.02.22-01.30.48:221][  0]LogConfig: Setting CVar [[vr.MonoscopicFarField:0]]
[2019.02.22-01.30.48:221][  0]LogConfig: Setting CVar [[vr.RoundRobinOcclusion:0]]
[2019.02.22-01.30.48:221][  0]LogConfig: Setting CVar [[vr.ODSCapture:0]]
[2019.02.22-01.30.48:221][  0]LogConfig: Setting CVar [[r.WireframeCullThreshold:5.000000]]
[2019.02.22-01.30.48:221][  0]LogConfig: Setting CVar [[r.SupportStationarySkylight:1]]
[2019.02.22-01.30.48:221][  0]LogConfig: Setting CVar [[r.SupportLowQualityLightmaps:1]]
[2019.02.22-01.30.48:221][  0]LogConfig: Setting CVar [[r.SupportPointLightWholeSceneShadows:1]]
[2019.02.22-01.30.48:221][  0]LogConfig: Setting CVar [[r.SupportAtmosphericFog:1]]
[2019.02.22-01.30.48:221][  0]LogConfig: Setting CVar [[r.SkinCache.CompileShaders:0]]
[2019.02.22-01.30.48:221][  0]LogConfig: Setting CVar [[r.Mobile.EnableStaticAndCSMShadowReceivers:1]]
[2019.02.22-01.30.48:222][  0]LogConfig: Setting CVar [[r.Mobile.EnableMovableLightCSMShaderCulling:1]]
[2019.02.22-01.30.48:222][  0]LogConfig: Setting CVar [[r.Mobile.AllowDistanceFieldShadows:1]]
[2019.02.22-01.30.48:222][  0]LogConfig: Setting CVar [[r.Mobile.AllowMovableDirectionalLights:1]]
[2019.02.22-01.30.48:222][  0]LogConfig: Setting CVar [[r.MobileNumDynamicPointLights:4]]
[2019.02.22-01.30.48:222][  0]LogConfig: Setting CVar [[r.MobileDynamicPointLightsUseStaticBranch:1]]
[2019.02.22-01.30.48:222][  0]LogConfig: Setting CVar [[r.SkinCache.SceneMemoryLimitInMB:128.000000]]
[2019.02.22-01.30.48:222][  0]LogConfig: Setting CVar [[r.GPUSkin.Limit2BoneInfluences:0]]
[2019.02.22-01.30.48:222][  0]LogConfig: Setting CVar [[r.SupportDepthOnlyIndexBuffers:1]]
[2019.02.22-01.30.48:222][  0]LogConfig: Setting CVar [[r.SupportReversedIndexBuffers:1]]
[2019.02.22-01.30.48:222][  0]LogConfig: Setting CVar [[r.SupportMaterialLayers:0]]
[2019.02.22-01.30.48:222][  0]LogConfig: Applying CVar settings from Section [/Script/Engine.RendererOverrideSettings] File [C:/Users/Carlos-PC/Documents/Unreal Projects/01_CoolPinguin/CoolPenguin/CoolPenguin/Saved/Config/Windows/Engine.ini]
[2019.02.22-01.30.48:222][  0]LogConfig: Applying CVar settings from Section [/Script/Engine.StreamingSettings] File [C:/Users/Carlos-PC/Documents/Unreal Projects/01_CoolPinguin/CoolPenguin/CoolPenguin/Saved/Config/Windows/Engine.ini]
[2019.02.22-01.30.48:222][  0]LogConfig: Setting CVar [[s.MinBulkDataSizeForAsyncLoading:131072]]
[2019.02.22-01.30.48:222][  0]LogConfig: Setting CVar [[s.AsyncLoadingThreadEnabled:0]]
[2019.02.22-01.30.48:222][  0]LogConfig: Setting CVar [[s.EventDrivenLoaderEnabled:1]]
[2019.02.22-01.30.48:222][  0]LogConfig: Setting CVar [[s.WarnIfTimeLimitExceeded:0]]
[2019.02.22-01.30.48:222][  0]LogConfig: Setting CVar [[s.TimeLimitExceededMultiplier:1.5]]
[2019.02.22-01.30.48:222][  0]LogConfig: Setting CVar [[s.TimeLimitExceededMinTime:0.005]]
[2019.02.22-01.30.48:222][  0]LogConfig: Setting CVar [[s.UseBackgroundLevelStreaming:1]]
[2019.02.22-01.30.48:222][  0]LogConfig: Setting CVar [[s.PriorityAsyncLoadingExtraTime:15.0]]
[2019.02.22-01.30.48:222][  0]LogConfig: Setting CVar [[s.LevelStreamingActorsUpdateTimeLimit:5.0]]
[2019.02.22-01.30.48:222][  0]LogConfig: Setting CVar [[s.PriorityLevelStreamingActorsUpdateExtraTime:5.0]]
[2019.02.22-01.30.48:222][  0]LogConfig: Setting CVar [[s.LevelStreamingComponentsRegistrationGranularity:10]]
[2019.02.22-01.30.48:222][  0]LogConfig: Setting CVar [[s.UnregisterComponentsTimeLimit:1.0]]
[2019.02.22-01.30.48:222][  0]LogConfig: Setting CVar [[s.LevelStreamingComponentsUnregistrationGranularity:5]]
[2019.02.22-01.30.48:222][  0]LogConfig: Applying CVar settings from Section [/Script/Engine.GarbageCollectionSettings] File [C:/Users/Carlos-PC/Documents/Unreal Projects/01_CoolPinguin/CoolPenguin/CoolPenguin/Saved/Config/Windows/Engine.ini]
[2019.02.22-01.30.48:222][  0]LogConfig: Setting CVar [[gc.MaxObjectsNotConsideredByGC:1]]
[2019.02.22-01.30.48:222][  0]LogConfig: Setting CVar [[gc.SizeOfPermanentObjectPool:0]]
[2019.02.22-01.30.48:222][  0]LogConfig: Setting CVar [[gc.FlushStreamingOnGC:0]]
[2019.02.22-01.30.48:222][  0]LogConfig: Setting CVar [[gc.NumRetriesBeforeForcingGC:10]]
[2019.02.22-01.30.48:222][  0]LogConfig: Setting CVar [[gc.AllowParallelGC:1]]
[2019.02.22-01.30.48:222][  0]LogConfig: Setting CVar [[gc.TimeBetweenPurgingPendingKillObjects:61.1]]
[2019.02.22-01.30.48:222][  0]LogConfig: Setting CVar [[gc.MaxObjectsInEditor:8388607]]
[2019.02.22-01.30.48:222][  0]LogConfig: Setting CVar [[gc.IncrementalBeginDestroyEnabled:1]]
[2019.02.22-01.30.48:222][  0]LogConfig: Setting CVar [[gc.CreateGCClusters:1]]
[2019.02.22-01.30.48:222][  0]LogConfig: Setting CVar [[gc.MergeGCClusters:0]]
[2019.02.22-01.30.48:222][  0]LogConfig: Setting CVar [[gc.MinGCClusterSize:5]]
[2019.02.22-01.30.48:222][  0]LogConfig: Setting CVar [[gc.ActorClusteringEnabled:0]]
[2019.02.22-01.30.48:222][  0]LogConfig: Setting CVar [[gc.BlueprintClusteringEnabled:0]]
[2019.02.22-01.30.48:222][  0]LogConfig: Setting CVar [[gc.UseDisregardForGCOnDedicatedServers:0]]
[2019.02.22-01.30.48:222][  0]LogConfig: Applying CVar settings from Section [/Script/Engine.NetworkSettings] File [C:/Users/Carlos-PC/Documents/Unreal Projects/01_CoolPinguin/CoolPenguin/CoolPenguin/Saved/Config/Windows/Engine.ini]
[2019.02.22-01.30.48:222][  0]LogConfig: Applying CVar settings from Section [/Script/UnrealEd.CookerSettings] File [C:/Users/Carlos-PC/Documents/Unreal Projects/01_CoolPinguin/CoolPenguin/CoolPenguin/Saved/Config/Windows/Engine.ini]
[2019.02.22-01.30.48:224][  0]LogConfig: Applying CVar settings from Section [ViewDistanceQuality@3] File [C:/Users/Carlos-PC/Documents/Unreal Projects/01_CoolPinguin/CoolPenguin/CoolPenguin/Saved/Config/Windows/Scalability.ini]
[2019.02.22-01.30.48:224][  0]LogConfig: Setting CVar [[r.SkeletalMeshLODBias:0]]
[2019.02.22-01.30.48:225][  0]LogConfig: Setting CVar [[r.ViewDistanceScale:1.0]]
[2019.02.22-01.30.48:225][  0]LogConfig: Applying CVar settings from Section [AntiAliasingQuality@3] File [C:/Users/Carlos-PC/Documents/Unreal Projects/01_CoolPinguin/CoolPenguin/CoolPenguin/Saved/Config/Windows/Scalability.ini]
[2019.02.22-01.30.48:225][  0]LogConfig: Setting CVar [[r.PostProcessAAQuality:4]]
[2019.02.22-01.30.48:225][  0]LogConfig: Applying CVar settings from Section [ShadowQuality@3] File [C:/Users/Carlos-PC/Documents/Unreal Projects/01_CoolPinguin/CoolPenguin/CoolPenguin/Saved/Config/Windows/Scalability.ini]
[2019.02.22-01.30.48:225][  0]LogConfig: Setting CVar [[r.LightFunctionQuality:1]]
[2019.02.22-01.30.48:225][  0]LogConfig: Setting CVar [[r.ShadowQuality:5]]
[2019.02.22-01.30.48:225][  0]LogConfig: Setting CVar [[r.Shadow.CSM.MaxCascades:10]]
[2019.02.22-01.30.48:225][  0]LogConfig: Setting CVar [[r.Shadow.MaxResolution:2048]]
[2019.02.22-01.30.48:225][  0]LogConfig: Setting CVar [[r.Shadow.MaxCSMResolution:2048]]
[2019.02.22-01.30.48:225][  0]LogConfig: Setting CVar [[r.Shadow.RadiusThreshold:0.01]]
[2019.02.22-01.30.48:225][  0]LogConfig: Setting CVar [[r.Shadow.DistanceScale:1.0]]
[2019.02.22-01.30.48:225][  0]LogConfig: Setting CVar [[r.Shadow.CSM.TransitionScale:1.0]]
[2019.02.22-01.30.48:225][  0]LogConfig: Setting CVar [[r.Shadow.PreShadowResolutionFactor:1.0]]
[2019.02.22-01.30.48:225][  0]LogConfig: Setting CVar [[r.DistanceFieldShadowing:1]]
[2019.02.22-01.30.48:225][  0]LogConfig: Setting CVar [[r.DistanceFieldAO:1]]
[2019.02.22-01.30.48:225][  0]LogConfig: Setting CVar [[r.AOQuality:2]]
[2019.02.22-01.30.48:225][  0]LogConfig: Setting CVar [[r.VolumetricFog:1]]
[2019.02.22-01.30.48:225][  0]LogConfig: Setting CVar [[r.VolumetricFog.GridPixelSize:8]]
[2019.02.22-01.30.48:225][  0]LogConfig: Setting CVar [[r.VolumetricFog.GridSizeZ:128]]
[2019.02.22-01.30.48:225][  0]LogConfig: Setting CVar [[r.VolumetricFog.HistoryMissSupersampleCount:4]]
[2019.02.22-01.30.48:225][  0]LogConfig: Setting CVar [[r.LightMaxDrawDistanceScale:1]]
[2019.02.22-01.30.48:225][  0]LogConfig: Setting CVar [[r.CapsuleShadows:1]]
[2019.02.22-01.30.48:225][  0]LogConfig: Applying CVar settings from Section [PostProcessQuality@3] File [C:/Users/Carlos-PC/Documents/Unreal Projects/01_CoolPinguin/CoolPenguin/CoolPenguin/Saved/Config/Windows/Scalability.ini]
[2019.02.22-01.30.48:225][  0]LogConfig: Setting CVar [[r.MotionBlurQuality:4]]
[2019.02.22-01.30.48:225][  0]LogConfig: Setting CVar [[r.AmbientOcclusionMipLevelFactor:0.4]]
[2019.02.22-01.30.48:225][  0]LogConfig: Setting CVar [[r.AmbientOcclusionMaxQuality:100]]
[2019.02.22-01.30.48:225][  0]LogConfig: Setting CVar [[r.AmbientOcclusionLevels:-1]]
[2019.02.22-01.30.48:225][  0]LogConfig: Setting CVar [[r.AmbientOcclusionRadiusScale:1.0]]
[2019.02.22-01.30.48:225][  0]LogConfig: Setting CVar [[r.DepthOfFieldQuality:2]]
[2019.02.22-01.30.48:225][  0]LogConfig: Setting CVar [[r.RenderTargetPoolMin:400]]
[2019.02.22-01.30.48:225][  0]LogConfig: Setting CVar [[r.LensFlareQuality:2]]
[2019.02.22-01.30.48:225][  0]LogConfig: Setting CVar [[r.SceneColorFringeQuality:1]]
[2019.02.22-01.30.48:225][  0]LogConfig: Setting CVar [[r.EyeAdaptationQuality:2]]
[2019.02.22-01.30.48:225][  0]LogConfig: Setting CVar [[r.BloomQuality:5]]
[2019.02.22-01.30.48:225][  0]LogConfig: Setting CVar [[r.FastBlurThreshold:100]]
[2019.02.22-01.30.48:225][  0]LogConfig: Setting CVar [[r.Upscale.Quality:3]]
[2019.02.22-01.30.48:225][  0]LogConfig: Setting CVar [[r.Tonemapper.GrainQuantization:1]]
[2019.02.22-01.30.48:225][  0]LogConfig: Setting CVar [[r.LightShaftQuality:1]]
[2019.02.22-01.30.48:225][  0]LogConfig: Setting CVar [[r.Filter.SizeScale:1]]
[2019.02.22-01.30.48:225][  0]LogConfig: Setting CVar [[r.Tonemapper.Quality:5]]
[2019.02.22-01.30.48:225][  0]LogConfig: Setting CVar [[r.DOF.Gather.AccumulatorQuality:1        ; higher gathering accumulator quality]]
[2019.02.22-01.30.48:225][  0]LogConfig: Setting CVar [[r.DOF.Gather.PostfilterMethod:1          ; Median3x3 postfilering method]]
[2019.02.22-01.30.48:225][  0]LogConfig: Setting CVar [[r.DOF.Gather.EnableBokehSettings:0       ; no bokeh simulation when gathering]]
[2019.02.22-01.30.48:225][  0]LogConfig: Setting CVar [[r.DOF.Gather.RingCount:4                 ; medium number of samples when gathering]]
[2019.02.22-01.30.48:225][  0]LogConfig: Setting CVar [[r.DOF.Scatter.ForegroundCompositing:1    ; additive foreground scattering]]
[2019.02.22-01.30.48:225][  0]LogConfig: Setting CVar [[r.DOF.Scatter.BackgroundCompositing:2    ; additive background scattering]]
[2019.02.22-01.30.48:225][  0]LogConfig: Setting CVar [[r.DOF.Scatter.EnableBokehSettings:1      ; bokeh simulation when scattering]]
[2019.02.22-01.30.48:225][  0]LogConfig: Setting CVar [[r.DOF.Scatter.MaxSpriteRatio:0.1         ; only a maximum of 10% of scattered bokeh]]
[2019.02.22-01.30.48:225][  0]LogConfig: Setting CVar [[r.DOF.Recombine.Quality:1                ; cheap slight out of focus]]
[2019.02.22-01.30.48:225][  0]LogConfig: Setting CVar [[r.DOF.Recombine.EnableBokehSettings:0    ; no bokeh simulation on slight out of focus]]
[2019.02.22-01.30.48:225][  0]LogConfig: Setting CVar [[r.DOF.TemporalAAQuality:1                ; more stable temporal accumulation]]
[2019.02.22-01.30.48:225][  0]LogConfig: Setting CVar [[r.DOF.Kernel.MaxForegroundRadius:0.025]]
[2019.02.22-01.30.48:225][  0]LogConfig: Setting CVar [[r.DOF.Kernel.MaxBackgroundRadius:0.025]]
[2019.02.22-01.30.48:225][  0]LogConfig: Applying CVar settings from Section [TextureQuality@3] File [C:/Users/Carlos-PC/Documents/Unreal Projects/01_CoolPinguin/CoolPenguin/CoolPenguin/Saved/Config/Windows/Scalability.ini]
[2019.02.22-01.30.48:225][  0]LogConfig: Setting CVar [[r.Streaming.MipBias:0]]
[2019.02.22-01.30.48:225][  0]LogConfig: Setting CVar [[r.Streaming.AmortizeCPUToGPUCopy:0]]
[2019.02.22-01.30.48:225][  0]LogConfig: Setting CVar [[r.Streaming.MaxNumTexturesToStreamPerFrame:0]]
[2019.02.22-01.30.48:225][  0]LogConfig: Setting CVar [[r.Streaming.Boost:1]]
[2019.02.22-01.30.48:225][  0]LogConfig: Setting CVar [[r.MaxAnisotropy:8]]
[2019.02.22-01.30.48:225][  0]LogConfig: Setting CVar [[r.Streaming.LimitPoolSizeToVRAM:0]]
[2019.02.22-01.30.48:225][  0]LogConfig: Setting CVar [[r.Streaming.PoolSize:1000]]
[2019.02.22-01.30.48:225][  0]LogConfig: Setting CVar [[r.Streaming.MaxEffectiveScreenSize:0]]
[2019.02.22-01.30.48:225][  0]LogConfig: Applying CVar settings from Section [EffectsQuality@3] File [C:/Users/Carlos-PC/Documents/Unreal Projects/01_CoolPinguin/CoolPenguin/CoolPenguin/Saved/Config/Windows/Scalability.ini]
[2019.02.22-01.30.48:225][  0]LogConfig: Setting CVar [[r.TranslucencyLightingVolumeDim:64]]
[2019.02.22-01.30.48:225][  0]LogConfig: Setting CVar [[r.RefractionQuality:2]]
[2019.02.22-01.30.48:225][  0]LogConfig: Setting CVar [[r.SSR.Quality:3]]
[2019.02.22-01.30.48:225][  0]LogConfig: Setting CVar [[r.SceneColorFormat:4]]
[2019.02.22-01.30.48:225][  0]LogConfig: Setting CVar [[r.DetailMode:2]]
[2019.02.22-01.30.48:226][  0]LogConfig: Setting CVar [[r.TranslucencyVolumeBlur:1]]
[2019.02.22-01.30.48:226][  0]LogConfig: Setting CVar [[r.MaterialQualityLevel:1 ; High quality]]
[2019.02.22-01.30.48:226][  0]LogConfig: Setting CVar [[r.SSS.Scale:1]]
[2019.02.22-01.30.48:226][  0]LogConfig: Setting CVar [[r.SSS.SampleSet:2]]
[2019.02.22-01.30.48:226][  0]LogConfig: Setting CVar [[r.SSS.Quality:1]]
[2019.02.22-01.30.48:226][  0]LogConfig: Setting CVar [[r.SSS.HalfRes:1]]
[2019.02.22-01.30.48:226][  0]LogConfig: Setting CVar [[r.EmitterSpawnRateScale:1.0]]
[2019.02.22-01.30.48:226][  0]LogConfig: Setting CVar [[r.ParticleLightQuality:2]]
[2019.02.22-01.30.48:226][  0]LogConfig: Applying CVar settings from Section [FoliageQuality@3] File [C:/Users/Carlos-PC/Documents/Unreal Projects/01_CoolPinguin/CoolPenguin/CoolPenguin/Saved/Config/Windows/Scalability.ini]
[2019.02.22-01.30.48:226][  0]LogConfig: Setting CVar [[foliage.DensityScale:1.0]]
[2019.02.22-01.30.48:226][  0]LogConfig: Setting CVar [[grass.DensityScale:1.0]]
[2019.02.22-01.30.48:226][  0]LogInit: Selected Device Profile: [Windows]
[2019.02.22-01.30.48:226][  0]LogInit: Applying CVar settings loaded from the selected device profile: [Windows]
[2019.02.22-01.30.48:284][  0]LogHAL: Display: Platform has ~ 8 GB [8538931200 / 8589934592 / 8], which maps to Default [LargestMinGB=32, LargerMinGB=12, DefaultMinGB=8, SmallerMinGB=6, SmallestMinGB=0)
[2019.02.22-01.30.48:284][  0]LogConfig: Setting CVar [[r.Vulkan.UseRealUBs:1]]
[2019.02.22-01.30.48:284][  0]LogInit: Going up to parent DeviceProfile []
[2019.02.22-01.30.48:284][  0]LogConfig: Applying CVar settings from Section [ViewDistanceQuality@3] File [C:/Users/Carlos-PC/Documents/Unreal Projects/01_CoolPinguin/CoolPenguin/CoolPenguin/Saved/Config/Windows/Scalability.ini]
[2019.02.22-01.30.48:284][  0]LogConfig: Setting CVar [[r.SkeletalMeshLODBias:0]]
[2019.02.22-01.30.48:284][  0]LogConfig: Setting CVar [[r.ViewDistanceScale:1.0]]
[2019.02.22-01.30.48:284][  0]LogConfig: Applying CVar settings from Section [AntiAliasingQuality@3] File [C:/Users/Carlos-PC/Documents/Unreal Projects/01_CoolPinguin/CoolPenguin/CoolPenguin/Saved/Config/Windows/Scalability.ini]
[2019.02.22-01.30.48:284][  0]LogConfig: Setting CVar [[r.PostProcessAAQuality:4]]
[2019.02.22-01.30.48:284][  0]LogConfig: Applying CVar settings from Section [ShadowQuality@3] File [C:/Users/Carlos-PC/Documents/Unreal Projects/01_CoolPinguin/CoolPenguin/CoolPenguin/Saved/Config/Windows/Scalability.ini]
[2019.02.22-01.30.48:284][  0]LogConfig: Setting CVar [[r.LightFunctionQuality:1]]
[2019.02.22-01.30.48:284][  0]LogConfig: Setting CVar [[r.ShadowQuality:5]]
[2019.02.22-01.30.48:284][  0]LogConfig: Setting CVar [[r.Shadow.CSM.MaxCascades:10]]
[2019.02.22-01.30.48:284][  0]LogConfig: Setting CVar [[r.Shadow.MaxResolution:2048]]
[2019.02.22-01.30.48:284][  0]LogConfig: Setting CVar [[r.Shadow.MaxCSMResolution:2048]]
[2019.02.22-01.30.48:284][  0]LogConfig: Setting CVar [[r.Shadow.RadiusThreshold:0.01]]
[2019.02.22-01.30.48:284][  0]LogConfig: Setting CVar [[r.Shadow.DistanceScale:1.0]]
[2019.02.22-01.30.48:284][  0]LogConfig: Setting CVar [[r.Shadow.CSM.TransitionScale:1.0]]
[2019.02.22-01.30.48:284][  0]LogConfig: Setting CVar [[r.Shadow.PreShadowResolutionFactor:1.0]]
[2019.02.22-01.30.48:284][  0]LogConfig: Setting CVar [[r.DistanceFieldShadowing:1]]
[2019.02.22-01.30.48:284][  0]LogConfig: Setting CVar [[r.DistanceFieldAO:1]]
[2019.02.22-01.30.48:284][  0]LogConfig: Setting CVar [[r.AOQuality:2]]
[2019.02.22-01.30.48:284][  0]LogConfig: Setting CVar [[r.VolumetricFog:1]]
[2019.02.22-01.30.48:284][  0]LogConfig: Setting CVar [[r.VolumetricFog.GridPixelSize:8]]
[2019.02.22-01.30.48:284][  0]LogConfig: Setting CVar [[r.VolumetricFog.GridSizeZ:128]]
[2019.02.22-01.30.48:284][  0]LogConfig: Setting CVar [[r.VolumetricFog.HistoryMissSupersampleCount:4]]
[2019.02.22-01.30.48:284][  0]LogConfig: Setting CVar [[r.LightMaxDrawDistanceScale:1]]
[2019.02.22-01.30.48:284][  0]LogConfig: Setting CVar [[r.CapsuleShadows:1]]
[2019.02.22-01.30.48:284][  0]LogConfig: Applying CVar settings from Section [PostProcessQuality@3] File [C:/Users/Carlos-PC/Documents/Unreal Projects/01_CoolPinguin/CoolPenguin/CoolPenguin/Saved/Config/Windows/Scalability.ini]
[2019.02.22-01.30.48:284][  0]LogConfig: Setting CVar [[r.MotionBlurQuality:4]]
[2019.02.22-01.30.48:284][  0]LogConfig: Setting CVar [[r.AmbientOcclusionMipLevelFactor:0.4]]
[2019.02.22-01.30.48:285][  0]LogConfig: Setting CVar [[r.AmbientOcclusionMaxQuality:100]]
[2019.02.22-01.30.48:285][  0]LogConfig: Setting CVar [[r.AmbientOcclusionLevels:-1]]
[2019.02.22-01.30.48:285][  0]LogConfig: Setting CVar [[r.AmbientOcclusionRadiusScale:1.0]]
[2019.02.22-01.30.48:285][  0]LogConfig: Setting CVar [[r.DepthOfFieldQuality:2]]
[2019.02.22-01.30.48:285][  0]LogConfig: Setting CVar [[r.RenderTargetPoolMin:400]]
[2019.02.22-01.30.48:285][  0]LogConfig: Setting CVar [[r.LensFlareQuality:2]]
[2019.02.22-01.30.48:285][  0]LogConfig: Setting CVar [[r.SceneColorFringeQuality:1]]
[2019.02.22-01.30.48:285][  0]LogConfig: Setting CVar [[r.EyeAdaptationQuality:2]]
[2019.02.22-01.30.48:285][  0]LogConfig: Setting CVar [[r.BloomQuality:5]]
[2019.02.22-01.30.48:285][  0]LogConfig: Setting CVar [[r.FastBlurThreshold:100]]
[2019.02.22-01.30.48:285][  0]LogConfig: Setting CVar [[r.Upscale.Quality:3]]
[2019.02.22-01.30.48:285][  0]LogConfig: Setting CVar [[r.Tonemapper.GrainQuantization:1]]
[2019.02.22-01.30.48:285][  0]LogConfig: Setting CVar [[r.LightShaftQuality:1]]
[2019.02.22-01.30.48:285][  0]LogConfig: Setting CVar [[r.Filter.SizeScale:1]]
[2019.02.22-01.30.48:285][  0]LogConfig: Setting CVar [[r.Tonemapper.Quality:5]]
[2019.02.22-01.30.48:285][  0]LogConfig: Setting CVar [[r.DOF.Gather.AccumulatorQuality:1        ; higher gathering accumulator quality]]
[2019.02.22-01.30.48:285][  0]LogConfig: Setting CVar [[r.DOF.Gather.PostfilterMethod:1          ; Median3x3 postfilering method]]
[2019.02.22-01.30.48:285][  0]LogConfig: Setting CVar [[r.DOF.Gather.EnableBokehSettings:0       ; no bokeh simulation when gathering]]
[2019.02.22-01.30.48:285][  0]LogConfig: Setting CVar [[r.DOF.Gather.RingCount:4                 ; medium number of samples when gathering]]
[2019.02.22-01.30.48:285][  0]LogConfig: Setting CVar [[r.DOF.Scatter.ForegroundCompositing:1    ; additive foreground scattering]]
[2019.02.22-01.30.48:285][  0]LogConfig: Setting CVar [[r.DOF.Scatter.BackgroundCompositing:2    ; additive background scattering]]
[2019.02.22-01.30.48:285][  0]LogConfig: Setting CVar [[r.DOF.Scatter.EnableBokehSettings:1      ; bokeh simulation when scattering]]
[2019.02.22-01.30.48:285][  0]LogConfig: Setting CVar [[r.DOF.Scatter.MaxSpriteRatio:0.1         ; only a maximum of 10% of scattered bokeh]]
[2019.02.22-01.30.48:285][  0]LogConfig: Setting CVar [[r.DOF.Recombine.Quality:1                ; cheap slight out of focus]]
[2019.02.22-01.30.48:285][  0]LogConfig: Setting CVar [[r.DOF.Recombine.EnableBokehSettings:0    ; no bokeh simulation on slight out of focus]]
[2019.02.22-01.30.48:285][  0]LogConfig: Setting CVar [[r.DOF.TemporalAAQuality:1                ; more stable temporal accumulation]]
[2019.02.22-01.30.48:285][  0]LogConfig: Setting CVar [[r.DOF.Kernel.MaxForegroundRadius:0.025]]
[2019.02.22-01.30.48:285][  0]LogConfig: Setting CVar [[r.DOF.Kernel.MaxBackgroundRadius:0.025]]
[2019.02.22-01.30.48:285][  0]LogConfig: Applying CVar settings from Section [TextureQuality@3] File [C:/Users/Carlos-PC/Documents/Unreal Projects/01_CoolPinguin/CoolPenguin/CoolPenguin/Saved/Config/Windows/Scalability.ini]
[2019.02.22-01.30.48:285][  0]LogConfig: Setting CVar [[r.Streaming.MipBias:0]]
[2019.02.22-01.30.48:285][  0]LogConfig: Setting CVar [[r.Streaming.AmortizeCPUToGPUCopy:0]]
[2019.02.22-01.30.48:285][  0]LogConfig: Setting CVar [[r.Streaming.MaxNumTexturesToStreamPerFrame:0]]
[2019.02.22-01.30.48:285][  0]LogConfig: Setting CVar [[r.Streaming.Boost:1]]
[2019.02.22-01.30.48:285][  0]LogConfig: Setting CVar [[r.MaxAnisotropy:8]]
[2019.02.22-01.30.48:285][  0]LogConfig: Setting CVar [[r.Streaming.LimitPoolSizeToVRAM:0]]
[2019.02.22-01.30.48:285][  0]LogConfig: Setting CVar [[r.Streaming.PoolSize:1000]]
[2019.02.22-01.30.48:285][  0]LogConfig: Setting CVar [[r.Streaming.MaxEffectiveScreenSize:0]]
[2019.02.22-01.30.48:285][  0]LogConfig: Applying CVar settings from Section [EffectsQuality@3] File [C:/Users/Carlos-PC/Documents/Unreal Projects/01_CoolPinguin/CoolPenguin/CoolPenguin/Saved/Config/Windows/Scalability.ini]
[2019.02.22-01.30.48:285][  0]LogConfig: Setting CVar [[r.TranslucencyLightingVolumeDim:64]]
[2019.02.22-01.30.48:285][  0]LogConfig: Setting CVar [[r.RefractionQuality:2]]
[2019.02.22-01.30.48:285][  0]LogConfig: Setting CVar [[r.SSR.Quality:3]]
[2019.02.22-01.30.48:285][  0]LogConfig: Setting CVar [[r.SceneColorFormat:4]]
[2019.02.22-01.30.48:285][  0]LogConfig: Setting CVar [[r.DetailMode:2]]
[2019.02.22-01.30.48:285][  0]LogConfig: Setting CVar [[r.TranslucencyVolumeBlur:1]]
[2019.02.22-01.30.48:285][  0]LogConfig: Setting CVar [[r.MaterialQualityLevel:1 ; High quality]]
[2019.02.22-01.30.48:285][  0]LogConfig: Setting CVar [[r.SSS.Scale:1]]
[2019.02.22-01.30.48:285][  0]LogConfig: Setting CVar [[r.SSS.SampleSet:2]]
[2019.02.22-01.30.48:285][  0]LogConfig: Setting CVar [[r.SSS.Quality:1]]
[2019.02.22-01.30.48:285][  0]LogConfig: Setting CVar [[r.SSS.HalfRes:1]]
[2019.02.22-01.30.48:285][  0]LogConfig: Setting CVar [[r.EmitterSpawnRateScale:1.0]]
[2019.02.22-01.30.48:285][  0]LogConfig: Setting CVar [[r.ParticleLightQuality:2]]
[2019.02.22-01.30.48:285][  0]LogConfig: Applying CVar settings from Section [FoliageQuality@3] File [C:/Users/Carlos-PC/Documents/Unreal Projects/01_CoolPinguin/CoolPenguin/CoolPenguin/Saved/Config/Windows/Scalability.ini]
[2019.02.22-01.30.48:285][  0]LogConfig: Setting CVar [[foliage.DensityScale:1.0]]
[2019.02.22-01.30.48:285][  0]LogConfig: Setting CVar [[grass.DensityScale:1.0]]
[2019.02.22-01.30.48:285][  0]LogConfig: Applying CVar settings from Section [Startup] File [../../../Engine/Config/ConsoleVariables.ini]
[2019.02.22-01.30.48:286][  0]LogConfig: Setting CVar [[net.UseAdaptiveNetUpdateFrequency:0]]
[2019.02.22-01.30.48:286][  0]LogConfig: Applying CVar settings from Section [ConsoleVariables] File [C:/Users/Carlos-PC/Documents/Unreal Projects/01_CoolPinguin/CoolPenguin/CoolPenguin/Saved/Config/Windows/Engine.ini]
[2019.02.22-01.30.48:286][  0]LogInit: Computer: DESKTOP-DJC4AKD
[2019.02.22-01.30.48:286][  0]LogInit: User: CarlosPC
[2019.02.22-01.30.48:286][  0]LogInit: CPU Page size=4096, Cores=4
[2019.02.22-01.30.48:286][  0]LogInit: High frequency timer resolution =3.021670 MHz
[2019.02.22-01.30.48:286][  0]LogMemory: Memory total: Physical=8.0GB (8GB approx)
[2019.02.22-01.30.48:286][  0]LogMemory: Platform Memory Stats for Windows
[2019.02.22-01.30.48:286][  0]LogMemory: Process Physical Memory: 103.25 MB used, 103.25 MB peak
[2019.02.22-01.30.48:286][  0]LogMemory: Process Virtual Memory: 92.71 MB used, 92.71 MB peak
[2019.02.22-01.30.48:286][  0]LogMemory: Physical Memory: 4658.45 MB used,  3484.91 MB free, 8143.36 MB total
[2019.02.22-01.30.48:286][  0]LogMemory: Virtual Memory: 4642.98 MB used,  134213088.00 MB free, 134217728.00 MB total
[2019.02.22-01.30.48:306][  0]LogInit: Overriding language with editor language configuration option (en).
[2019.02.22-01.30.48:306][  0]LogInit: Overriding locale with editor locale configuration option (en).
[2019.02.22-01.30.48:776][  0]LogStreaming: Display: Took  0.470s to InitEngineTextLocalization.
[2019.02.22-01.30.48:776][  0]LogInit: Setting process to per monitor DPI aware
[2019.02.22-01.30.48:872][  0]LogSlate: New Slate User Created.  User Index 0, Is Virtual User: 0
[2019.02.22-01.30.48:872][  0]LogSlate: Slate User Registered.  User Index 0, Is Virtual User: 0
[2019.02.22-01.30.49:104][  0]LogHMD: Failed to initialize OpenVR with code 110
[2019.02.22-01.30.49:104][  0]LogD3D11RHI: D3D11 adapters:
[2019.02.22-01.30.49:180][  0]LogD3D11RHI:    0. 'NVIDIA GeForce GTX 1060 3GB' (Feature Level 11_0)
[2019.02.22-01.30.49:180][  0]LogD3D11RHI:       2988/0/4071 MB DedicatedVideo/DedicatedSystem/SharedSystem, Outputs:1, VendorId:0x10de
[2019.02.22-01.30.49:182][  0]LogD3D11RHI:    1. 'Microsoft Basic Render Driver' (Feature Level 11_0)
[2019.02.22-01.30.49:182][  0]LogD3D11RHI:       0/0/4071 MB DedicatedVideo/DedicatedSystem/SharedSystem, Outputs:0, VendorId:0x1414
[2019.02.22-01.30.49:182][  0]LogD3D11RHI: Chosen D3D11 Adapter: 0
[2019.02.22-01.30.49:191][  0]LogD3D11RHI: Creating new Direct3DDevice
[2019.02.22-01.30.49:191][  0]LogD3D11RHI:     GPU DeviceId: 0x1c02 (for the marketing name, search the web for "GPU Device Id")
[2019.02.22-01.30.49:191][  0]LogWindows: EnumDisplayDevices:
[2019.02.22-01.30.49:192][  0]LogWindows:    0. 'NVIDIA GeForce GTX 1060 3GB' (P:1 D:1)
[2019.02.22-01.30.49:192][  0]LogWindows:    1. 'NVIDIA GeForce GTX 1060 3GB' (P:0 D:0)
[2019.02.22-01.30.49:192][  0]LogWindows:    2. 'NVIDIA GeForce GTX 1060 3GB' (P:0 D:0)
[2019.02.22-01.30.49:192][  0]LogWindows:    3. 'NVIDIA GeForce GTX 1060 3GB' (P:0 D:0)
[2019.02.22-01.30.49:192][  0]LogWindows: DebugString: FoundDriverCount:4 
[2019.02.22-01.30.49:192][  0]LogD3D11RHI:     Adapter Name: NVIDIA GeForce GTX 1060 3GB
[2019.02.22-01.30.49:192][  0]LogD3D11RHI:   Driver Version: 398.11 (internal:24.21.13.9811, unified:398.11)
[2019.02.22-01.30.49:193][  0]LogD3D11RHI:      Driver Date: 6-1-2018
[2019.02.22-01.30.49:193][  0]LogRHI: Texture pool is 2091 MB (70% of 2988 MB)
[2019.02.22-01.30.49:250][  0]LogD3D11RHI: Async texture creation enabled
[2019.02.22-01.30.49:286][  0]LogD3D11RHI: GPU Timing Frequency: 1000.000000 (Debug: 2 2)
[2019.02.22-01.30.50:338][  0]LogTemp: Display: Loaded TP AllDesktopTargetPlatform
[2019.02.22-01.30.50:357][  0]LogTemp: Display: Loaded TP MacClientTargetPlatform
[2019.02.22-01.30.50:376][  0]LogTemp: Display: Loaded TP MacNoEditorTargetPlatform
[2019.02.22-01.30.50:396][  0]LogTemp: Display: Loaded TP MacServerTargetPlatform
[2019.02.22-01.30.50:416][  0]LogTemp: Display: Loaded TP MacTargetPlatform
[2019.02.22-01.30.50:435][  0]LogTemp: Display: Loaded TP WindowsClientTargetPlatform
[2019.02.22-01.30.50:455][  0]LogTemp: Display: Loaded TP WindowsNoEditorTargetPlatform
[2019.02.22-01.30.50:475][  0]LogTemp: Display: Loaded TP WindowsServerTargetPlatform
[2019.02.22-01.30.50:484][  0]LogTemp: Display: Loaded TP WindowsTargetPlatform
[2019.02.22-01.30.50:654][  0]LogTemp: Display: Loaded TP AndroidTargetPlatform
[2019.02.22-01.30.50:654][  0]LogTemp: Display: Loaded TP AndroidTargetPlatform
[2019.02.22-01.30.50:654][  0]LogTemp: Display: Loaded TP AndroidTargetPlatform
[2019.02.22-01.30.50:654][  0]LogTemp: Display: Loaded TP AndroidTargetPlatform
[2019.02.22-01.30.50:654][  0]LogTemp: Display: Loaded TP AndroidTargetPlatform
[2019.02.22-01.30.50:654][  0]LogTemp: Display: Loaded TP AndroidTargetPlatform
[2019.02.22-01.30.50:654][  0]LogTemp: Display: Loaded TP AndroidTargetPlatform
[2019.02.22-01.30.50:654][  0]LogTemp: Display: Loaded TP AndroidTargetPlatform
[2019.02.22-01.30.50:654][  0]LogTemp: Display: Loaded TP AndroidTargetPlatform
[2019.02.22-01.30.50:654][  0]LogTemp: Display: Loaded TP AndroidTargetPlatform
[2019.02.22-01.30.50:654][  0]LogTemp: Display: Loaded TP AndroidTargetPlatform
[2019.02.22-01.30.50:654][  0]LogTemp: Display: Loaded TP AndroidTargetPlatform
[2019.02.22-01.30.50:654][  0]LogTemp: Display: Loaded TP AndroidTargetPlatform
[2019.02.22-01.30.50:654][  0]LogTemp: Display: Loaded TP AndroidTargetPlatform
[2019.02.22-01.30.50:654][  0]LogTemp: Display: Loaded TP AndroidTargetPlatform
[2019.02.22-01.30.50:654][  0]LogTemp: Display: Loaded TP AndroidTargetPlatform
[2019.02.22-01.30.50:654][  0]LogTemp: Display: Loaded TP AndroidTargetPlatform
[2019.02.22-01.30.50:654][  0]LogTemp: Display: Loaded TP AndroidTargetPlatform
[2019.02.22-01.30.50:655][  0]LogTemp: Display: Loaded TP HTML5TargetPlatform
[2019.02.22-01.30.50:766][  0]LogTemp: Display: Loaded TP IOSTargetPlatform
[2019.02.22-01.30.50:766][  0]LogTemp: Display: Loaded TP IOSTargetPlatform
[2019.02.22-01.30.50:800][  0]LogTemp: Display: Loaded TP TVOSTargetPlatform
[2019.02.22-01.30.50:800][  0]LogTemp: Display: Loaded TP TVOSTargetPlatform
[2019.02.22-01.30.50:817][  0]LogTemp: Display: Loaded TP LinuxClientTargetPlatform
[2019.02.22-01.30.50:835][  0]LogTemp: Display: Loaded TP LinuxNoEditorTargetPlatform
[2019.02.22-01.30.50:853][  0]LogTemp: Display: Loaded TP LinuxServerTargetPlatform
[2019.02.22-01.30.50:923][  0]LogTemp: Display: Loaded TP LinuxTargetPlatform
[2019.02.22-01.30.50:990][  0]LogTemp: Display: Loaded TP LuminTargetPlatform
[2019.02.22-01.30.50:990][  0]LogTemp: Display: Loaded TP LuminTargetPlatform
[2019.02.22-01.30.50:990][  0]LogTargetPlatformManager: Display: Building Assets For Windows
[2019.02.22-01.30.51:070][  0]LogShaderCompilers: Guid format shader working directory is -49 characters bigger than the processId version (../../../../../../Users/Carlos-PC/Documents/Unreal Projects/01_CoolPinguin/CoolPenguin/CoolPenguin/Intermediate/Shaders/WorkingDirectory/13748/).
[2019.02.22-01.30.51:070][  0]LogShaderCompilers: Cleaned the shader compiler working directory 'C:/Users/Carlos-PC/AppData/Local/Temp/UnrealShaderWorkingDir/4A7CFB4F43BC3B38F165E29ADA7C8EB7/'.
[2019.02.22-01.30.51:074][  0]LogXGEController: Cannot use XGE Controller as Incredibuild is not installed on this machine.
[2019.02.22-01.30.51:074][  0]LogShaderCompilers: Cannot use XGE Shader Compiler as Incredibuild is not installed on this machine.
[2019.02.22-01.30.51:074][  0]LogShaderCompilers: Display: Using Local Shader Compiler.
[2019.02.22-01.30.57:000][  0]LogDerivedDataCache: Display: Max Cache Size: 512 MB
[2019.02.22-01.30.58:003][  0]LogDerivedDataCache: Loaded boot cache 1.00s 86MB C:/Users/Carlos-PC/AppData/Local/UnrealEngine/4.21/DerivedDataCache/Boot.ddc.
[2019.02.22-01.30.58:003][  0]LogDerivedDataCache: Display: Loaded Boot cache: C:/Users/Carlos-PC/AppData/Local/UnrealEngine/4.21/DerivedDataCache/Boot.ddc
[2019.02.22-01.30.58:003][  0]LogDerivedDataCache: FDerivedDataBackendGraph:  Pak pak cache file ../../../../../../Users/Carlos-PC/Documents/Unreal Projects/01_CoolPinguin/CoolPenguin/CoolPenguin/DerivedDataCache/DDC.ddp not found, will not use a pak cache.
[2019.02.22-01.30.58:003][  0]LogDerivedDataCache: Unable to find inner node Pak for hierarchical cache Hierarchy.
[2019.02.22-01.30.58:003][  0]LogDerivedDataCache: FDerivedDataBackendGraph:  CompressedPak pak cache file ../../../../../../Users/Carlos-PC/Documents/Unreal Projects/01_CoolPinguin/CoolPenguin/CoolPenguin/DerivedDataCache/Compressed.ddp not found, will not use a pak cache.
[2019.02.22-01.30.58:003][  0]LogDerivedDataCache: Unable to find inner node CompressedPak for hierarchical cache Hierarchy.
[2019.02.22-01.30.58:019][  0]LogDerivedDataCache: Display: Pak cache opened for reading ../../../Engine/DerivedDataCache/Compressed.ddp.
[2019.02.22-01.30.58:019][  0]LogDerivedDataCache: FDerivedDataBackendGraph:  EnterprisePak pak cache file ../../../Enterprise/DerivedDataCache/Compressed.ddp not found, will not use a pak cache.
[2019.02.22-01.30.58:019][  0]LogDerivedDataCache: Unable to find inner node EnterprisePak for hierarchical cache Hierarchy.
[2019.02.22-01.30.58:032][  0]LogDerivedDataCache: Using Local data cache path C:/Users/Carlos-PC/AppData/Local/UnrealEngine/Common/DerivedDataCache: Writable
[2019.02.22-01.30.58:032][  0]LogDerivedDataCache: Shared data cache path not found in *engine.ini, will not use an Shared cache.
[2019.02.22-01.30.58:032][  0]LogDerivedDataCache: Unable to find inner node Shared for hierarchical cache Hierarchy.
[2019.02.22-01.30.58:061][  0]LogMaterial: Verifying Global Shaders for PCD3D_SM5
[2019.02.22-01.30.58:063][  0]LogSlate: Using FreeType 2.6.0
[2019.02.22-01.30.58:249][  0]LogSlate: SlateFontServices - WITH_FREETYPE: 1, WITH_HARFBUZZ: 1
[2019.02.22-01.31.05:184][  0]LogAssetRegistry: FAssetRegistry took 0.0389 seconds to start up
[2019.02.22-01.31.05:594][  0]LogInit: Selected Device Profile: [Windows]
[2019.02.22-01.31.05:842][  0]LogSimplygon: Simplygon DLL not present - disabling.
[2019.02.22-01.31.05:846][  0]LogMeshReduction: Using SimplygonSwarm for distributed automatic mesh merging
[2019.02.22-01.31.05:846][  0]LogMeshReduction: Using ProxyLODMeshReduction for automatic mesh merging
[2019.02.22-01.31.05:846][  0]LogMeshReduction: Using QuadricMeshReduction for automatic static mesh reduction
[2019.02.22-01.31.05:846][  0]LogMeshReduction: No automatic skeletal mesh reduction module available
[2019.02.22-01.31.05:864][  0]LogNetVersion: CoolPenguin 1.0.0, NetCL: 4541578, EngineNetVer: 5, GameNetVer: 0 (Checksum: 3778765299)
[2019.02.22-01.31.06:726][  0]LogPackageLocalizationCache: Processed 11 localized package path(s) for 1 prioritized culture(s) in 0.130849 seconds
[2019.02.22-01.31.06:734][  0]LogUObjectArray: 39775 objects as part of root set at end of initial load.
[2019.02.22-01.31.06:734][  0]LogUObjectAllocator: 6914656 out of 0 bytes used by permanent object pool.
[2019.02.22-01.31.06:734][  0]LogUObjectArray: CloseDisregardForGC: 0/0 objects in disregard for GC pool
[2019.02.22-01.31.47:453][  0]LogTcpMessaging: Initializing TcpMessaging bridge
[2019.02.22-01.31.47:467][  0]LogUdpMessaging: Initializing bridge on interface 0.0.0.0:0 to multicast group 230.0.0.1:6666.
[2019.02.22-01.31.48:419][  0]SourceControl: Source control is disabled
[2019.02.22-01.31.48:420][  0]SourceControl: Source control is disabled
[2019.02.22-01.31.48:422][  0]SourceControl: Source control is disabled
[2019.02.22-01.31.48:423][  0]SourceControl: Source control is disabled
[2019.02.22-01.31.48:732][  0]LogAndroidPermission: UAndroidPermissionCallbackProxy::GetInstance
[2019.02.22-01.31.48:807][  0]LogOcInput: OculusInput pre-init called
[2019.02.22-01.31.49:030][  0]LogEngine: Initializing Engine...
[2019.02.22-01.31.49:031][  0]LogHMD: Failed to initialize OpenVR with code 110
[2019.02.22-01.31.49:033][  0]LogStats: UGameplayTagsManager::ConstructGameplayTagTree: ImportINI prefixes -  0.000 s
[2019.02.22-01.31.49:033][  0]LogStats: UGameplayTagsManager::ConstructGameplayTagTree: Construct from data asset -  0.000 s
[2019.02.22-01.31.49:033][  0]LogStats: UGameplayTagsManager::ConstructGameplayTagTree: ImportINI -  0.000 s
[2019.02.22-01.31.49:033][  0]LogStats: UGameplayTagsManager::ConstructGameplayTagTree: GameplayTagTreeChangedEvent.Broadcast -  0.000 s
[2019.02.22-01.31.49:288][  0]LogInit: Initializing FReadOnlyCVARCache
[2019.02.22-01.31.49:307][  0]LogAIModule: Creating AISystem for world Untitled
[2019.02.22-01.31.49:383][  0]LogInit: XAudio2 using 'Altavoces (2- Logitech USB Headset)' : 2 channels at 48 kHz using 16 bits per sample (channel mask 0x3)
[2019.02.22-01.31.49:398][  0]LogInit: FAudioDevice initialized.
[2019.02.22-01.31.49:398][  0]LogNetVersion: Set ProjectVersion to 1.0.0.0. Version Checksum will be recalculated on next use.
[2019.02.22-01.31.49:982][  0]LogDerivedDataCache: Saved boot cache 0.58s 86MB C:/Users/Carlos-PC/AppData/Local/UnrealEngine/4.21/DerivedDataCache/Boot.ddc.
[2019.02.22-01.31.49:994][  0]LogInit: Texture streaming: Enabled
[2019.02.22-01.31.50:017][  0]LogEngineSessionManager: EngineSessionManager initialized
[2019.02.22-01.31.50:092][  0]LogInit: Transaction tracking system initialized
[2019.02.22-01.31.50:128][  0]BlueprintLog: New page: Editor Load
[2019.02.22-01.31.50:341][  0]LocalizationService: Localization service is disabled
[2019.02.22-01.31.52:061][  0]LogLinker: Warning: Can't find file '/Game/MyAssets/IceMap'
[2019.02.22-01.31.52:061][  0]LogLinker: Warning: Can't find file '/Game/MyAssets/IceMap'
[2019.02.22-01.31.52:062][  0]LogUObjectGlobals: Warning: Failed to find object 'Class /Game/MyAssets/IceMap.IceMap_C'
[2019.02.22-01.31.53:438][  0]LogFileCache: Scanning file cache for directory 'C:/Users/Carlos-PC/Documents/Unreal Projects/01_CoolPinguin/CoolPenguin/CoolPenguin/Content/' took 0.03s
[2019.02.22-01.31.53:438][  0]LogCook: Display: Max memory allowance for cook 16384mb min free memory 0mb
[2019.02.22-01.31.53:438][  0]LogCook: Display: Mobile HDR setting 1
[2019.02.22-01.31.53:438][  0]LogGameplayTags: Display: UGameplayTagsManager::DoneAddingNativeTags. DelegateIsBound: 0
[2019.02.22-01.31.53:438][  0]LogStats: UGameplayTagsManager::ConstructGameplayTagTree: ImportINI prefixes -  0.000 s
[2019.02.22-01.31.53:438][  0]LogStats: UGameplayTagsManager::ConstructGameplayTagTree: Construct from data asset -  0.000 s
[2019.02.22-01.31.53:438][  0]LogStats: UGameplayTagsManager::ConstructGameplayTagTree: ImportINI -  0.000 s
[2019.02.22-01.31.53:438][  0]LogStats: UGameplayTagsManager::ConstructGameplayTagTree: GameplayTagTreeChangedEvent.Broadcast -  0.000 s
[2019.02.22-01.31.55:543][  0]SourceControl: Source control is disabled
[2019.02.22-01.31.55:544][  0]LightingResults: New page: Lighting Build
[2019.02.22-01.31.55:547][  0]MapCheck: New page: Map Check
[2019.02.22-01.31.55:547][  0]LightingResults: New page: Lighting Build
[2019.02.22-01.31.58:825][  0]LogTexture: Display: Building textures: T_ML_Rubber_Blue_01_N (BC5, 512X512)
[2019.02.22-01.31.58:825][  0]LogTexture: Display: Building textures: T_ML_Rubber_Blue_01_D (AutoDXT, 512X512)
[2019.02.22-01.32.00:298][  0]LogTexture: Display: Building textures: T_UE4_Mannequin_Mobile_N (BC5, 1024X1024)
[2019.02.22-01.32.00:298][  0]LogTexture: Display: Building textures: T_UE4_Mannequin_Mobile_M (AutoDXT, 1024X1024)
[2019.02.22-01.32.00:298][  0]LogTexture: Display: Building textures: T_ML_Aluminum01_N (BC5, 512X512)
[2019.02.22-01.32.00:298][  0]LogTexture: Display: Building textures: T_ML_Aluminum01 (AutoDXT, 512X512)
[2019.02.22-01.32.01:630][  0]LogMaterial: Display: Missing cached shader map for material CubeMaterial, compiling. 
[2019.02.22-01.32.02:538][  0]LogShaderCompilers: Display: Shaders left to compile 31
[2019.02.22-01.32.02:538][  0]LogShaderCompilers: Display: Shaders left to compile 21
[2019.02.22-01.32.02:538][  0]LogShaderCompilers: Display: Shaders left to compile 11
[2019.02.22-01.32.02:538][  0]LogSkeletalMesh: Building Skeletal Mesh SK_Mannequin...
[2019.02.22-01.32.02:634][  0]LogSkeletalMesh: Built Skeletal Mesh [0.25s] /Game/Mannequin/Character/Mesh/SK_Mannequin.SK_Mannequin
[2019.02.22-01.32.02:903][  0]LogMaterial: Display: Missing cached shader map for material M_UE4Man_Body, compiling. 
[2019.02.22-01.32.03:203][  0]LogMaterial: Display: Missing cached shader map for material M_UE4Man_Body, compiling. 
[2019.02.22-01.32.03:368][  0]LogSkeletalMesh: Building Skeletal Mesh PenguinSK1...
[2019.02.22-01.32.03:379][  0]LogSkeletalMesh: Built Skeletal Mesh [0.08s] /Game/MyAssets/Characters/MainPenguin/PenguinSK1.PenguinSK1
[2019.02.22-01.32.04:511][  0]LogAnimationCompression: Building Anim DDC data for AnimSequence /Game/Mannequin/Animations/ThirdPersonJump_Loop.ThirdPersonJump_Loop
[2019.02.22-01.32.04:603][  0]LogAnimationCompression: Recompressing (AnimSequence /Game/Mannequin/Animations/ThirdPersonJump_Loop.ThirdPersonJump_Loop) using current/default (AnimCompress_RemoveLinearKeys_4) bFirstRecompressUsingCurrentOrDefault(1) bTryAlternateCompressor(0) IsCompressedDataValid(0)
[2019.02.22-01.32.05:036][  0]LogAnimationCompression: Building Anim DDC data for AnimSequence /Game/Mannequin/Animations/ThirdPersonJump_End.ThirdPersonJump_End
[2019.02.22-01.32.05:036][  0]LogAnimationCompression: Recompressing (AnimSequence /Game/Mannequin/Animations/ThirdPersonJump_End.ThirdPersonJump_End) using current/default (AnimCompress_BitwiseCompressOnly_1) bFirstRecompressUsingCurrentOrDefault(1) bTryAlternateCompressor(0) IsCompressedDataValid(0)
[2019.02.22-01.32.05:152][  0]LogAnimationCompression: Building Anim DDC data for AnimSequence /Game/Mannequin/Animations/ThirdPersonWalk.ThirdPersonWalk
[2019.02.22-01.32.05:152][  0]LogAnimationCompression: Recompressing (AnimSequence /Game/Mannequin/Animations/ThirdPersonWalk.ThirdPersonWalk) using current/default (AnimCompress_RemoveLinearKeys_0) bFirstRecompressUsingCurrentOrDefault(1) bTryAlternateCompressor(0) IsCompressedDataValid(0)
[2019.02.22-01.32.05:459][  0]LogAnimationCompression: Building Anim DDC data for AnimSequence /Game/Mannequin/Animations/ThirdPersonRun.ThirdPersonRun
[2019.02.22-01.32.05:459][  0]LogAnimationCompression: Recompressing (AnimSequence /Game/Mannequin/Animations/ThirdPersonRun.ThirdPersonRun) using current/default (AnimCompress_RemoveLinearKeys_7) bFirstRecompressUsingCurrentOrDefault(1) bTryAlternateCompressor(0) IsCompressedDataValid(0)
[2019.02.22-01.32.05:667][  0]LogAnimationCompression: Building Anim DDC data for AnimSequence /Game/Mannequin/Animations/ThirdPersonIdle.ThirdPersonIdle
[2019.02.22-01.32.05:667][  0]LogAnimationCompression: Recompressing (AnimSequence /Game/Mannequin/Animations/ThirdPersonIdle.ThirdPersonIdle) using current/default (AnimCompress_RemoveLinearKeys_3) bFirstRecompressUsingCurrentOrDefault(1) bTryAlternateCompressor(0) IsCompressedDataValid(0)
[2019.02.22-01.32.05:809][  0]LogAnimationCompression: Building Anim DDC data for AnimSequence /Game/Mannequin/Animations/ThirdPersonJump_Start.ThirdPersonJump_Start
[2019.02.22-01.32.05:809][  0]LogAnimationCompression: Recompressing (AnimSequence /Game/Mannequin/Animations/ThirdPersonJump_Start.ThirdPersonJump_Start) using current/default (AnimCompress_RemoveLinearKeys_6) bFirstRecompressUsingCurrentOrDefault(1) bTryAlternateCompressor(0) IsCompressedDataValid(0)
[2019.02.22-01.32.06:605][  0]LogAIModule: Creating AISystem for world ThirdPersonExampleMap
[2019.02.22-01.32.06:899][  0]LogEditorServer: Finished looking for orphan Actors (0.000 secs)
[2019.02.22-01.32.06:949][  0]Cmd: MAP CHECKDEP NOCLEARLOG
[2019.02.22-01.32.06:949][  0]MapCheck: Map check complete: 0 Error(s), 0 Warning(s), took 0.146ms to complete.
[2019.02.22-01.32.06:949][  0]LogFileHelpers: Loading map 'ThirdPersonExampleMap' took 11.406
[2019.02.22-01.32.08:098][  0]LogSlate: Updating window title bar state: overlay mode, drag disabled, window buttons hidden, title bar hidden
[2019.02.22-01.32.08:109][  0]LogSlate: Updating window title bar state: overlay mode, drag disabled, window buttons hidden, title bar hidden
[2019.02.22-01.32.08:119][  0]LogSlate: Updating window title bar state: overlay mode, drag disabled, window buttons hidden, title bar hidden
[2019.02.22-01.32.08:129][  0]LogSlate: Updating window title bar state: overlay mode, drag disabled, window buttons hidden, title bar hidden
[2019.02.22-01.32.08:231][  0]LogCollectionManager: Loaded 0 collections in 0.003017 seconds
[2019.02.22-01.32.08:424][  0]LogFileCache: Scanning file cache for directory 'C:/Users/Carlos-PC/Documents/Unreal Projects/01_CoolPinguin/CoolPenguin/CoolPenguin/Saved/Collections/' took 0.01s
[2019.02.22-01.32.08:424][  0]LogFileCache: Scanning file cache for directory 'C:/Users/Carlos-PC/Documents/Unreal Projects/01_CoolPinguin/CoolPenguin/CoolPenguin/Content/Developers/CarlosPC/Collections/' took 0.01s
[2019.02.22-01.32.08:424][  0]LogFileCache: Scanning file cache for directory 'C:/Users/Carlos-PC/Documents/Unreal Projects/01_CoolPinguin/CoolPenguin/CoolPenguin/Content/Collections/' took 0.01s
[2019.02.22-01.32.08:424][  0]LogCollectionManager: Rebuilt the GUID cache for 0 collections in 0.000000 seconds
[2019.02.22-01.32.08:449][  0]LogContentBrowser: Native class hierarchy populated in 0.0241 seconds. Added 2651 classes and 620 folders.
[2019.02.22-01.32.08:752][  0]LogContentBrowser: Native class hierarchy updated for 'WidgetCarousel' in 0.0003 seconds. Added 0 classes and 0 folders.
[2019.02.22-01.32.08:842][  0]LogPakFile: Registered encryption key '00000000000000000000000000000000': 0 pak files mounted, 0 remain pending
[2019.02.22-01.32.08:892][  0]LogPakFile: Registered encryption key '00000000000000000000000000000000': 0 pak files mounted, 0 remain pending
[2019.02.22-01.32.08:924][  0]LogPakFile: Registered encryption key '00000000000000000000000000000000': 0 pak files mounted, 0 remain pending
[2019.02.22-01.32.08:954][  0]LogPakFile: Registered encryption key '00000000000000000000000000000000': 0 pak files mounted, 0 remain pending
[2019.02.22-01.32.08:997][  0]LogPakFile: Registered encryption key '00000000000000000000000000000000': 0 pak files mounted, 0 remain pending
[2019.02.22-01.32.09:005][  0]LogPakFile: Registered encryption key '00000000000000000000000000000000': 0 pak files mounted, 0 remain pending
[2019.02.22-01.32.09:012][  0]LogPakFile: Registered encryption key '00000000000000000000000000000000': 0 pak files mounted, 0 remain pending
[2019.02.22-01.32.09:064][  0]LogPakFile: Registered encryption key '00000000000000000000000000000000': 0 pak files mounted, 0 remain pending
[2019.02.22-01.32.09:072][  0]LogPakFile: Registered encryption key '00000000000000000000000000000000': 0 pak files mounted, 0 remain pending
[2019.02.22-01.32.09:081][  0]LogPakFile: Registered encryption key '00000000000000000000000000000000': 0 pak files mounted, 0 remain pending
[2019.02.22-01.32.09:100][  0]LogPakFile: Registered encryption key '00000000000000000000000000000000': 0 pak files mounted, 0 remain pending
[2019.02.22-01.32.09:119][  0]LogPakFile: Registered encryption key '00000000000000000000000000000000': 0 pak files mounted, 0 remain pending
[2019.02.22-01.32.09:127][  0]LogPakFile: Registered encryption key '00000000000000000000000000000000': 0 pak files mounted, 0 remain pending
[2019.02.22-01.32.09:134][  0]LogPakFile: Registered encryption key '00000000000000000000000000000000': 0 pak files mounted, 0 remain pending
[2019.02.22-01.32.09:141][  0]LogPakFile: Registered encryption key '00000000000000000000000000000000': 0 pak files mounted, 0 remain pending
[2019.02.22-01.32.09:147][  0]LogPakFile: Registered encryption key '00000000000000000000000000000000': 0 pak files mounted, 0 remain pending
[2019.02.22-01.32.09:188][  0]LogPakFile: Registered encryption key '00000000000000000000000000000000': 0 pak files mounted, 0 remain pending
[2019.02.22-01.32.09:204][  0]LogPakFile: Registered encryption key '00000000000000000000000000000000': 0 pak files mounted, 0 remain pending
[2019.02.22-01.32.09:211][  0]LogPakFile: Registered encryption key '00000000000000000000000000000000': 0 pak files mounted, 0 remain pending
[2019.02.22-01.32.09:218][  0]LogPakFile: Registered encryption key '00000000000000000000000000000000': 0 pak files mounted, 0 remain pending
[2019.02.22-01.32.09:270][  0]LogPakFile: Registered encryption key '00000000000000000000000000000000': 0 pak files mounted, 0 remain pending
[2019.02.22-01.32.09:329][  0]LogShaderCompilers: Display: Shaders left to compile 257
[2019.02.22-01.32.09:329][  0]LogPakFile: Registered encryption key '00000000000000000000000000000000': 0 pak files mounted, 0 remain pending
[2019.02.22-01.32.09:351][  0]LogPakFile: Registered encryption key '00000000000000000000000000000000': 0 pak files mounted, 0 remain pending
[2019.02.22-01.32.09:360][  0]LogPakFile: Registered encryption key '00000000000000000000000000000000': 0 pak files mounted, 0 remain pending
[2019.02.22-01.32.09:426][  0]LogPakFile: Registered encryption key '00000000000000000000000000000000': 0 pak files mounted, 0 remain pending
[2019.02.22-01.32.09:433][  0]LogPakFile: Registered encryption key '00000000000000000000000000000000': 0 pak files mounted, 0 remain pending
[2019.02.22-01.32.11:836][  0]LogShaderCompilers: Display: Shaders left to compile 247
[2019.02.22-01.32.11:836][  0]LogShaderCompilers: Display: Shaders left to compile 237
[2019.02.22-01.32.11:836][  0]LogShaderCompilers: Display: Shaders left to compile 227
[2019.02.22-01.32.11:836][  0]LogContentBrowser: Native class hierarchy updated for 'AddContentDialog' in 0.0003 seconds. Added 0 classes and 0 folders.
[2019.02.22-01.32.12:023][  0]LogShaderCompilers: Display: Shaders left to compile 217
[2019.02.22-01.32.12:024][  0]LogContentBrowser: Native class hierarchy updated for 'SceneOutliner' in 0.0004 seconds. Added 1 classes and 2 folders.
[2019.02.22-01.32.15:173][  0]LogShaderCompilers: Display: Shaders left to compile 207
[2019.02.22-01.32.15:173][  0]LogShaderCompilers: Display: Shaders left to compile 197
[2019.02.22-01.32.15:173][  0]LogShaderCompilers: Display: Shaders left to compile 187
[2019.02.22-01.32.15:173][  0]LogShaderCompilers: Display: Shaders left to compile 177
[2019.02.22-01.32.15:173][  0]LogSlate: Took 0.023491 seconds to synchronously load lazily loaded font '../../../Engine/Content/Slate/Fonts/Roboto-Regular.ttf' (155K)
[2019.02.22-01.32.15:219][  0]LogSlate: Took 0.043550 seconds to synchronously load lazily loaded font '../../../Engine/Content/Slate/Fonts/Roboto-Bold.ttf' (160K)
[2019.02.22-01.32.15:315][  0]LogSlate: Took 0.037878 seconds to synchronously load lazily loaded font '../../../Engine/Content/Editor/Slate/Fonts/FontAwesome.ttf' (139K)
[2019.02.22-01.32.15:727][  0]LogShaderCompilers: Display: Shaders left to compile 167
[2019.02.22-01.32.15:727][  0]LogRenderer: Reallocating scene render targets to support 1376x548 Format 10 NumSamples 1 (Frame:1).
[2019.02.22-01.32.16:529][  0]LogContentBrowser: Native class hierarchy updated for 'HierarchicalLODOutliner' in 0.0004 seconds. Added 0 classes and 0 folders.
[2019.02.22-01.32.16:529][  0]LogLoad: (Engine Initialization) Total time: 92.42 seconds
[2019.02.22-01.32.16:529][  0]LogLoad: (Engine Initialization) Total Blueprint compile time: 0.00 seconds
[2019.02.22-01.32.16:598][  0]LogWindowsTextInputMethodSystem: Display: IME system now deactivated.
[2019.02.22-01.32.16:979][  0]LogContentStreaming: Texture pool size now 1000 MB
[2019.02.22-01.32.17:060][  1]LogShaderCompilers: Display: Shaders left to compile 157
[2019.02.22-01.32.17:313][  3]LogAssetRegistry: Asset discovery search completed in 72.1519 seconds
[2019.02.22-01.32.17:314][  3]LogCollectionManager: Rebuilt the object cache for 0 collections in 0.000000 seconds (found 0 objects)
[2019.02.22-01.32.17:314][  3]LogCollectionManager: Fixed up redirectors for 0 collections in 0.000062 seconds (updated 0 objects)
[2019.02.22-01.32.17:488][  3]LogSlate: Took 0.023180 seconds to synchronously load lazily loaded font '../../../Engine/Content/Slate/Fonts/Roboto-Light.ttf' (167K)
[2019.02.22-01.32.17:692][  4]LogShaderCompilers: Display: Shaders left to compile 147
[2019.02.22-01.32.17:692][  4]LogShaderCompilers: Display: Shaders left to compile 137
[2019.02.22-01.32.17:842][  5]LogSlate: Took 0.000173 seconds to synchronously load lazily loaded font '../../../Engine/Content/Slate/Fonts/Roboto-Light.ttf' (167K)
[2019.02.22-01.32.20:010][244]LogShaderCompilers: Display: Shaders left to compile 127
[2019.02.22-01.32.23:835][677]LogShaderCompilers: Display: Shaders left to compile 117
[2019.02.22-01.32.23:880][682]LogShaderCompilers: Display: Shaders left to compile 107
[2019.02.22-01.32.24:121][707]LogShaderCompilers: Display: Shaders left to compile 97
[2019.02.22-01.32.28:795][234]LogShaderCompilers: Display: Shaders left to compile 87
[2019.02.22-01.32.28:902][246]LogShaderCompilers: Display: Shaders left to compile 77
[2019.02.22-01.32.32:779][683]LogShaderCompilers: Display: Shaders left to compile 67
[2019.02.22-01.32.33:281][740]LogShaderCompilers: Display: Shaders left to compile 57
[2019.02.22-01.32.34:461][874]LogShaderCompilers: Display: Shaders left to compile 47
[2019.02.22-01.32.37:701][239]LogShaderCompilers: Display: Shaders left to compile 37
[2019.02.22-01.32.41:598][679]LogShaderCompilers: Display: Shaders left to compile 27
[2019.02.22-01.32.41:758][697]LogShaderCompilers: Display: Shaders left to compile 17
[2019.02.22-01.32.42:243][752]LogShaderCompilers: Display: Shaders left to compile 7
[2019.02.22-01.39.50:730][  8]LogSlate: FSceneViewport::OnFocusLost() reason 0
[2019.02.22-01.39.51:084][ 24]LogTexture: Display: Building textures: HQ_Lightmap0_5 (AutoDXT, 64X64)
[2019.02.22-01.39.51:157][ 24]LogTexture: Display: Building textures: LQ_Lightmap_0_5 (DXT1, 64X64)
[2019.02.22-01.39.51:157][ 24]LogTexture: Display: Building textures: ShadowMapTexture2D_2 (G8, 32X32)
[2019.02.22-01.39.51:157][ 24]LogAIModule: Creating AISystem for world Level01
[2019.02.22-01.39.51:206][ 24]LogAssetEditorManager: Opening Asset editor for World /Game/MyAssets/Levels/Level01.Level01
[2019.02.22-01.39.51:364][ 24]Cmd: MAP LOAD FILE="../../../../../../Users/Carlos-PC/Documents/Unreal Projects/01_CoolPinguin/CoolPenguin/CoolPenguin/Content/MyAssets/Levels/Level01.umap" TEMPLATE=0 SHOWPROGRESS=1 FEATURELEVEL=3
[2019.02.22-01.39.51:364][ 24]LightingResults: New page: Lighting Build
[2019.02.22-01.39.51:365][ 24]LoadErrors: New page: Loading map: Level01.umap
[2019.02.22-01.39.51:414][ 24]MapCheck: New page: Map Check
[2019.02.22-01.39.51:414][ 24]LightingResults: New page: Lighting Build
[2019.02.22-01.39.51:479][ 24]LogStreaming: Display: ULevelStreaming::RequestLevel(/Game/MyAssets/Levels/sublevel_01) is flushing async loading
[2019.02.22-01.39.51:479][ 24]LogStreaming: Display: Flushing async loaders.
[2019.02.22-01.39.51:819][ 24]LogStaticMesh: Building static mesh SM_Env_Ice_2...
[2019.02.22-01.39.51:920][ 24]LogTexture: Display: Building textures: HQ_Lightmap0_2 (AutoDXT, 1024X1024)
[2019.02.22-01.39.51:920][ 24]LogTexture: Display: Building textures: LQ_Lightmap_0_2 (DXT1, 1024X1024)
[2019.02.22-01.39.51:920][ 24]LogStaticMesh: Built static mesh [0.15s] /Game/MyAssets/StaticMeshes/SM_Env_Ice_2.SM_Env_Ice_2
[2019.02.22-01.39.51:951][ 24]LogStaticMesh: Building static mesh SM_Env_Rock_05_Snow_2...
[2019.02.22-01.39.51:956][ 24]LogStaticMesh: Built static mesh [0.02s] /Game/MyAssets/StaticMeshes/SM_Env_Rock_05_Snow_2.SM_Env_Rock_05_Snow_2
[2019.02.22-01.39.52:019][ 24]LogStaticMesh: Building static mesh SM_Env_Rock_14...
[2019.02.22-01.39.52:021][ 24]LogStaticMesh: Built static mesh [0.00s] /Game/MyAssets/StaticMeshes/SM_Env_Rock_14.SM_Env_Rock_14
[2019.02.22-01.39.52:070][ 24]LogStaticMesh: Building static mesh SM_Env_Rock_11...
[2019.02.22-01.39.52:073][ 24]LogStaticMesh: Built static mesh [0.01s] /Game/MyAssets/StaticMeshes/SM_Env_Rock_11.SM_Env_Rock_11
[2019.02.22-01.39.52:161][ 24]LogStaticMesh: Building static mesh SM_Env_Rock_10...
[2019.02.22-01.39.52:163][ 24]LogStaticMesh: Built static mesh [0.05s] /Game/MyAssets/StaticMeshes/SM_Env_Rock_10.SM_Env_Rock_10
[2019.02.22-01.39.52:276][ 24]LogTexture: Display: Building textures: ShadowMapTexture2D_2 (G8, 1024X512)
[2019.02.22-01.39.52:276][ 24]LogStaticMesh: Building static mesh SM_Env_Rock_17...
[2019.02.22-01.39.52:277][ 24]LogStaticMesh: Built static mesh [0.01s] /Game/MyAssets/StaticMeshes/SM_Env_Rock_17.SM_Env_Rock_17
[2019.02.22-01.39.52:392][ 24]LogTexture: Display: Building textures: PolygonAdventure_Tex_13 (AutoDXT, 512X512)
[2019.02.22-01.39.52:392][ 24]LogStaticMesh: Building static mesh SM_Env_SnowPile_2...
[2019.02.22-01.39.52:394][ 24]LogStaticMesh: Built static mesh [0.01s] /Game/MyAssets/StaticMeshes/SM_Env_SnowPile_2.SM_Env_SnowPile_2
[2019.02.22-01.39.52:505][ 24]LogStaticMesh: Building static mesh SM_Env_SnowPile_4...
[2019.02.22-01.39.52:507][ 24]LogStaticMesh: Built static mesh [0.00s] /Game/MyAssets/StaticMeshes/SM_Env_SnowPile_4.SM_Env_SnowPile_4
[2019.02.22-01.39.52:564][ 24]LogMaterial: Display: Missing cached shader map for material M_Water_Lake1, compiling. 
[2019.02.22-01.39.52:588][ 24]LogShaderCompilers: Display: Shaders left to compile 31
[2019.02.22-01.39.52:588][ 24]LogShaderCompilers: Display: Shaders left to compile 21
[2019.02.22-01.39.52:588][ 24]LogShaderCompilers: Display: Shaders left to compile 11
[2019.02.22-01.39.52:588][ 24]LogMaterial: Display: Missing cached shader map for material MAT_PolygonAdventure_01, compiling. 
[2019.02.22-01.39.53:000][ 24]LogStreaming: Display: ULevelStreaming::RequestLevel(/Game/MyAssets/Levels/sublevel_02) is flushing async loading
[2019.02.22-01.39.53:135][ 24]LogStaticMesh: Building static mesh SM_Env_Rock_13...
[2019.02.22-01.39.53:137][ 24]LogTexture: Display: Building textures: HQ_Lightmap0_3 (AutoDXT, 1024X1024)
[2019.02.22-01.39.53:137][ 24]LogStaticMesh: Built static mesh [0.02s] /Game/MyAssets/StaticMeshes/SM_Env_Rock_13.SM_Env_Rock_13
[2019.02.22-01.39.53:187][ 24]LogTexture: Display: Building textures: LQ_Lightmap_0_3 (DXT1, 1024X1024)
[2019.02.22-01.39.53:187][ 24]LogStaticMesh: Building static mesh SM_Env_Rock_9...
[2019.02.22-01.39.53:189][ 24]LogStaticMesh: Built static mesh [0.04s] /Game/MyAssets/StaticMeshes/SM_Env_Rock_9.SM_Env_Rock_9
[2019.02.22-01.39.53:266][ 24]LogStaticMesh: Building static mesh SM_Env_Rock_2...
[2019.02.22-01.39.53:268][ 24]LogStaticMesh: Built static mesh [0.08s] /Game/MyAssets/StaticMeshes/SM_Env_Rock_2.SM_Env_Rock_2
[2019.02.22-01.39.53:612][ 24]LogTexture: Display: Building textures: ShadowMapTexture2D_1 (G8, 1024X256)
[2019.02.22-01.39.53:616][ 24]LogStreaming: Display: ULevelStreaming::RequestLevel(/Game/MyAssets/Levels/sublevel_03) is flushing async loading
[2019.02.22-01.39.53:716][ 24]LogLinker: Warning: Can't find file '/Game/MyAssets/StaticMeshes/15289_HybridCreature_PolarBear_V2'
[2019.02.22-01.39.53:716][ 24]LogLinker: Warning: Can't find file for asset '/Game/MyAssets/StaticMeshes/15289_HybridCreature_PolarBear_V2' while loading NULL.
[2019.02.22-01.39.53:719][ 24]LogLinker: Warning: Can't find file '/Game/MyAssets/StaticMeshes/15289_HybridCreature_PolarBear_V2'
[2019.02.22-01.39.53:719][ 24]LogLinker: Warning: Can't find file for asset '/Game/MyAssets/StaticMeshes/15289_HybridCreature_PolarBear_V2' while loading NULL.
[2019.02.22-01.39.53:722][ 24]LogLinker: Warning: Can't find file '/Game/MyAssets/StaticMeshes/15289_HybridCreature_PolarBear_V2'
[2019.02.22-01.39.53:722][ 24]LogLinker: Warning: Can't find file for asset '/Game/MyAssets/StaticMeshes/15289_HybridCreature_PolarBear_V2' while loading NULL.
[2019.02.22-01.39.53:722][ 24]LogLinker: Warning: Can't find file '/Game/MyAssets/StaticMeshes/15289_HybridCreature_PolarBear_V2'
[2019.02.22-01.39.53:722][ 24]LogLinker: Warning: Can't find file for asset '/Game/MyAssets/StaticMeshes/15289_HybridCreature_PolarBear_V2' while loading NULL.
[2019.02.22-01.39.53:727][ 24]LogLinker: Warning: Can't find file '/Game/MyAssets/StaticMeshes/15289_HybridCreature_PolarBear_V2'
[2019.02.22-01.39.53:727][ 24]LoadErrors: Failed to load /Game/MyAssets/StaticMeshes/15289_HybridCreature_PolarBear_V2.15289_HybridCreature_PolarBear_V2 Referenced by 15289_HybridCreature_PolarBear_V2_16
[2019.02.22-01.39.53:727][ 24]LogLinker: Warning: Can't find file for asset '/Game/MyAssets/StaticMeshes/15289_HybridCreature_PolarBear_V2' while loading NULL.
[2019.02.22-01.39.54:178][ 24]LogTexture: Display: Building textures: HQ_Lightmap0_1 (AutoDXT, 1024X1024)
[2019.02.22-01.39.54:178][ 24]LogTexture: Display: Building textures: LQ_Lightmap_0_1 (DXT1, 1024X1024)
[2019.02.22-01.39.54:178][ 24]LogTexture: Display: Building textures: ShadowMapTexture2D_2 (G8, 1024X256)
[2019.02.22-01.39.54:180][ 24]LogStreaming: Display: ULevelStreaming::RequestLevel(/Game/MyAssets/Levels/sublevel_04) is flushing async loading
[2019.02.22-01.39.54:489][ 24]LogTexture: Display: Building textures: Texture2D_0 (BGRA8, 64X64)
[2019.02.22-01.39.54:489][ 24]LogTexture: Display: Building textures: HQ_Lightmap0_4 (AutoDXT, 512X512)
[2019.02.22-01.39.54:489][ 24]LogTexture: Display: Building textures: LQ_Lightmap_0_4 (DXT1, 512X512)
[2019.02.22-01.39.54:578][ 24]LogTexture: Display: Building textures: T_snow (BC5, 1024X1024)
[2019.02.22-01.39.54:730][ 24]LogTexture: Display: Building textures: ShadowMapTexture2D_2 (G8, 1024X64)
[2019.02.22-01.39.54:734][ 24]LogMaterial: Display: Missing cached shader map for material M_Snow, compiling. 
[2019.02.22-01.39.54:854][ 24]LogMaterial: Display: Missing cached shader map for material M_Snow, compiling. 
[2019.02.22-01.39.55:113][ 24]LogStreaming: Display: ULevelStreaming::RequestLevel(/Game/MyAssets/Levels/sublevel_05) is flushing async loading
[2019.02.22-01.39.55:239][ 24]LogEditorServer: Finished looking for orphan Actors (0.000 secs)
[2019.02.22-01.39.55:360][ 24]Cmd: MAP CHECKDEP NOCLEARLOG
[2019.02.22-01.39.55:361][ 24]MapCheck: Map check complete: 0 Error(s), 0 Warning(s), took 0.58ms to complete.
[2019.02.22-01.39.55:361][ 24]LogFileHelpers: Loading map 'Level01' took 3.997
[2019.02.22-01.39.57:664][226]LogSlate: Window 'Message Log' being destroyed
[2019.02.22-01.39.57:668][226]LogSlate: Window 'Message Log' being destroyed
[2019.02.22-01.39.57:779][238]LogShaderCompilers: Display: Shaders left to compile 153
[2019.02.22-01.40.01:058][535]LogShaderCompilers: Display: Shaders left to compile 143
[2019.02.22-01.40.01:219][535]LogShaderCompilers: Display: Shaders left to compile 133
[2019.02.22-01.40.01:297][535]LogShaderCompilers: Display: Shaders left to compile 123
[2019.02.22-01.40.03:906][810]LogSlate: FSceneViewport::OnFocusLost() reason 0
[2019.02.22-01.40.04:097][826]LogUObjectHash: Warning: Ambiguous search, could be Package /Game/MyAssets/Levels/Level01./Game/MyAssets/Levels/Level01_BuiltData or Package /Game/MyAssets/Levels/Level01_REMOTE_10176./Game/MyAssets/Levels/Level01_BuiltData
[2019.02.22-01.40.04:097][826]LogAIModule: Creating AISystem for world Level01_REMOTE_10176
[2019.02.22-01.40.04:101][826]LogUObjectGlobals: Warning: Failed to find object 'Object /Game/MyAssets/Levels/Level01_REMOTE_10176.Level01'
[2019.02.22-01.40.08:740][337]LogShaderCompilers: Display: Shaders left to compile 113
[2019.02.22-01.40.10:088][479]LogUObjectHash: Warning: Ambiguous search, could be Package /Game/MyAssets/Levels/Level01./Game/MyAssets/Levels/Level01_BuiltData or Package /Game/MyAssets/Levels/Level01_REMOTE_10176./Game/MyAssets/Levels/Level01_BuiltData
[2019.02.22-01.40.10:088][479]LogUObjectHash: Warning: Ambiguous search, could be Package /Game/MyAssets/Levels/Level01./Game/MyAssets/Levels/Level01_BuiltData or Package /Game/MyAssets/Levels/Level01_REMOTE_10176./Game/MyAssets/Levels/Level01_BuiltData
[2019.02.22-01.40.10:089][479]LogUObjectHash: Warning: Ambiguous search, could be Package /Game/MyAssets/Levels/Level01./Game/MyAssets/Levels/Level01_BuiltData or Package /Game/MyAssets/Levels/Level01_REMOTE_10176./Game/MyAssets/Levels/Level01_BuiltData
[2019.02.22-01.40.13:205][811]LogShaderCompilers: Display: Shaders left to compile 103
[2019.02.22-01.40.13:998][897]LogShaderCompilers: Display: Shaders left to compile 93
[2019.02.22-01.40.20:522][623]LogShaderCompilers: Display: Shaders left to compile 83
[2019.02.22-01.40.22:331][824]LogShaderCompilers: Display: Shaders left to compile 73
[2019.02.22-01.40.26:365][274]LogShaderCompilers: Display: Shaders left to compile 63
[2019.02.22-01.40.31:517][843]LogShaderCompilers: Display: Shaders left to compile 53
[2019.02.22-01.40.34:025][122]LogShaderCompilers: Display: Shaders left to compile 43
[2019.02.22-01.40.34:168][138]LogShaderCompilers: Display: Shaders left to compile 33
[2019.02.22-01.40.41:832][994]LogShaderCompilers: Display: Shaders left to compile 23
[2019.02.22-01.40.42:286][ 45]LogShaderCompilers: Display: Shaders left to compile 13
[2019.02.22-01.40.46:082][466]LogShaderCompilers: Display: Shaders left to compile 3
[2019.02.22-01.40.46:505][508]LogUObjectHash: Warning: Ambiguous search, could be Package /Game/MyAssets/Levels/Level01./Game/MyAssets/Levels/Level01_BuiltData or Package /Game/MyAssets/Levels/Level01_REMOTE_10176./Game/MyAssets/Levels/Level01_BuiltData
[2019.02.22-01.40.46:506][508]LogUObjectHash: Warning: Ambiguous search, could be Package /Game/MyAssets/Levels/Level01./Game/MyAssets/Levels/Level01_BuiltData or Package /Game/MyAssets/Levels/Level01_LOCAL_7940./Game/MyAssets/Levels/Level01_BuiltData
[2019.02.22-01.40.46:506][508]LogUObjectHash: Warning: Ambiguous search, could be Package /Game/MyAssets/Levels/Level01./Game/MyAssets/Levels/Level01_BuiltData or Package /Game/MyAssets/Levels/Level01_REMOTE_10176./Game/MyAssets/Levels/Level01_BuiltData
[2019.02.22-01.40.46:506][508]LogUObjectHash: Warning: Ambiguous search, could be Package /Game/MyAssets/Levels/Level01./Game/MyAssets/Levels/Level01_BuiltData or Package /Game/MyAssets/Levels/Level01_LOCAL_7940./Game/MyAssets/Levels/Level01_BuiltData
[2019.02.22-01.40.46:506][508]LogAIModule: Creating AISystem for world Level01_LOCAL_7940
[2019.02.22-01.40.46:510][508]LogUObjectGlobals: Warning: Failed to find object 'Object /Game/MyAssets/Levels/Level01_LOCAL_7940.Level01'
[2019.02.22-01.41.57:614][885]LogEditorViewport: Clicking on Actor (LMB): StaticMeshActor (SM_Env_Ice_109)
[2019.02.22-01.42.25:908][195]LogEditorViewport: Clicking on Actor (context menu): StaticMeshActor (Cube)
[2019.02.22-01.42.26:099][195]LogSlate: FSceneViewport::OnFocusLost() reason 2
[2019.02.22-01.42.27:461][330]LogEditorViewport: Clicking on Actor (LMB): StaticMeshActor (SM_Env_SnowPile_2)
[2019.02.22-01.42.40:538][795]LogEditorViewport: Clicking on Actor (LMB): StaticMeshActor (SM_Env_Ice_55)
[2019.02.22-01.42.56:086][555]LogEditorViewport: Clicking on Actor (LMB): StaticMeshActor (SM_Env_Ice_25)
[2019.02.22-01.42.56:116][555]LogEditorViewport: Clicking on Component (LMB): StaticMeshComponent (StaticMeshComponent0)
[2019.02.22-01.43.06:451][699]LogEditorViewport: Clicking on Actor (LMB): StaticMeshActor (SM_Env_Rock_05_Snow_3)
[2019.02.22-01.43.10:329][140]Cmd: DELETE
[2019.02.22-01.43.10:329][140]Cmd: ACTOR DELETE
[2019.02.22-01.43.10:513][140]LogEditorActor: Deleted Actor: StaticMeshActor
[2019.02.22-01.43.10:558][140]LogEditorActor: Deleted 1 Actors (0.090 secs)
[2019.02.22-01.43.11:267][224]LogEditorViewport: Clicking on Actor (LMB): StaticMeshActor (SM_Env_SnowPile_2)
[2019.02.22-01.43.17:703][975]LogEditorViewport: Clicking on Actor (context menu): StaticMeshActor (SM_Env_SnowPile_4)
[2019.02.22-01.43.17:751][975]LogSlate: FSceneViewport::OnFocusLost() reason 2
[2019.02.22-01.43.18:279][ 36]LogEditorViewport: Clicking on Actor (LMB): BP_Sky_Sphere_C (BP_Sky_Sphere2)
[2019.02.22-01.43.26:323][946]LogEditorViewport: Clicking on Actor (context menu): StaticMeshActor (SM_Env_Ice_39)
[2019.02.22-01.43.26:371][946]LogSlate: FSceneViewport::OnFocusLost() reason 2
[2019.02.22-01.43.29:057][231]LogSlate: FSceneViewport::OnFocusLost() reason 2
[2019.02.22-01.43.29:424][231]LogSavePackage: Moving '../../../../../../Users/Carlos-PC/Documents/Unreal Projects/01_CoolPinguin/CoolPenguin/CoolPenguin/Saved/sublevel_01744FB3764D7EA93569CB58B101C93FE2.tmp' to '../../../../../../Users/Carlos-PC/Documents/Unreal Projects/01_CoolPinguin/CoolPenguin/CoolPenguin/Content/MyAssets/Levels/sublevel_01.umap'
[2019.02.22-01.43.29:428][231]LogFileHelpers: Saving map 'sublevel_01' took 0.359
[2019.02.22-01.43.29:601][231]LogSavePackage: Moving '../../../../../../Users/Carlos-PC/Documents/Unreal Projects/01_CoolPinguin/CoolPenguin/CoolPenguin/Saved/Level017AE5225748A7D16DAAAA648B254C8E26.tmp' to '../../../../../../Users/Carlos-PC/Documents/Unreal Projects/01_CoolPinguin/CoolPenguin/CoolPenguin/Content/MyAssets/Levels/Level01.umap'
[2019.02.22-01.43.29:649][231]LogFileHelpers: Saving map 'Level01' took 0.219
[2019.02.22-01.43.43:821][920]LogSlate: FSceneViewport::OnFocusLost() reason 0
[2019.02.22-01.43.44:011][939]LogUObjectHash: Warning: Ambiguous search, could be Package /Game/MyAssets/Levels/Level01./Game/MyAssets/Levels/Level01_BuiltData or Package /Game/MyAssets/Levels/Level01_REMOTE_10176./Game/MyAssets/Levels/Level01_BuiltData
[2019.02.22-01.43.44:012][939]LogUObjectHash: Warning: Ambiguous search, could be Package /Game/MyAssets/Levels/Level01./Game/MyAssets/Levels/Level01_BuiltData or Package /Game/MyAssets/Levels/Level01_LOCAL_7940./Game/MyAssets/Levels/Level01_BuiltData
[2019.02.22-01.43.44:012][939]LogUObjectHash: Warning: Ambiguous search, could be Package /Game/MyAssets/Levels/Level01./Game/MyAssets/Levels/Level01_BuiltData or Package /Game/MyAssets/Levels/Level01_REMOTE_7940./Game/MyAssets/Levels/Level01_BuiltData
[2019.02.22-01.43.44:012][939]LogAIModule: Creating AISystem for world Level01_REMOTE_7940
[2019.02.22-01.43.44:014][939]LogUObjectHash: Warning: Ambiguous search, could be Package /Game/MyAssets/Levels/Level01./Game/MyAssets/Levels/Level01_BuiltData or Package /Game/MyAssets/Levels/Level01_REMOTE_10176./Game/MyAssets/Levels/Level01_BuiltData
[2019.02.22-01.43.44:014][939]LogUObjectHash: Warning: Ambiguous search, could be Package /Game/MyAssets/Levels/Level01./Game/MyAssets/Levels/Level01_BuiltData or Package /Game/MyAssets/Levels/Level01_LOCAL_7940./Game/MyAssets/Levels/Level01_BuiltData
[2019.02.22-01.43.44:014][939]LogUObjectHash: Warning: Ambiguous search, could be Package /Game/MyAssets/Levels/Level01./Game/MyAssets/Levels/Level01_BuiltData or Package /Game/MyAssets/Levels/Level01_REMOTE_7940./Game/MyAssets/Levels/Level01_BuiltData
[2019.02.22-01.43.44:016][939]LogUObjectGlobals: Warning: Failed to find object 'Object /Game/MyAssets/Levels/Level01_REMOTE_7940.Level01'
[2019.02.22-01.43.45:360][ 92]LogSlate: FSceneViewport::OnFocusLost() reason 0
[2019.02.22-01.43.49:017][509]LogUObjectHash: Warning: Ambiguous search, could be Package /Game/MyAssets/Levels/Level01./Game/MyAssets/Levels/Level01_BuiltData or Package /Game/MyAssets/Levels/Level01_REMOTE_10176./Game/MyAssets/Levels/Level01_BuiltData
[2019.02.22-01.43.49:017][509]LogUObjectHash: Warning: Ambiguous search, could be Package /Game/MyAssets/Levels/Level01./Game/MyAssets/Levels/Level01_BuiltData or Package /Game/MyAssets/Levels/Level01_LOCAL_7940./Game/MyAssets/Levels/Level01_BuiltData
[2019.02.22-01.43.49:017][509]LogUObjectHash: Warning: Ambiguous search, could be Package /Game/MyAssets/Levels/Level01./Game/MyAssets/Levels/Level01_BuiltData or Package /Game/MyAssets/Levels/Level01_REMOTE_7940./Game/MyAssets/Levels/Level01_BuiltData
[2019.02.22-01.43.49:017][509]LogUObjectHash: Warning: Ambiguous search, could be Package /Game/MyAssets/Levels/Level01./Game/MyAssets/Levels/Level01_BuiltData or Package /Game/MyAssets/Levels/Level01_BACKUP_10176./Game/MyAssets/Levels/Level01_BuiltData
[2019.02.22-01.43.49:018][509]LogUObjectHash: Warning: Ambiguous search, could be Package /Game/MyAssets/Levels/Level01./Game/MyAssets/Levels/Level01_BuiltData or Package /Game/MyAssets/Levels/Level01_REMOTE_10176./Game/MyAssets/Levels/Level01_BuiltData
[2019.02.22-01.43.49:018][509]LogUObjectHash: Warning: Ambiguous search, could be Package /Game/MyAssets/Levels/Level01./Game/MyAssets/Levels/Level01_BuiltData or Package /Game/MyAssets/Levels/Level01_LOCAL_7940./Game/MyAssets/Levels/Level01_BuiltData
[2019.02.22-01.43.49:018][509]LogUObjectHash: Warning: Ambiguous search, could be Package /Game/MyAssets/Levels/Level01./Game/MyAssets/Levels/Level01_BuiltData or Package /Game/MyAssets/Levels/Level01_REMOTE_7940./Game/MyAssets/Levels/Level01_BuiltData
[2019.02.22-01.43.49:018][509]LogUObjectHash: Warning: Ambiguous search, could be Package /Game/MyAssets/Levels/Level01./Game/MyAssets/Levels/Level01_BuiltData or Package /Game/MyAssets/Levels/Level01_BACKUP_10176./Game/MyAssets/Levels/Level01_BuiltData
[2019.02.22-01.43.49:018][509]LogAIModule: Creating AISystem for world Level01_BACKUP_10176
[2019.02.22-01.43.49:022][509]LogUObjectGlobals: Warning: Failed to find object 'Object /Game/MyAssets/Levels/Level01_BACKUP_10176.Level01'
[2019.02.22-01.43.49:814][602]LogSlate: FSceneViewport::OnFocusLost() reason 0
[2019.02.22-01.43.50:844][719]LogSlate: FSceneViewport::OnFocusLost() reason 0
[2019.02.22-01.43.50:986][735]LogAssetEditorManager: Opening Asset editor for World /Game/MyAssets/Levels/sublevel_01.sublevel_01
[2019.02.22-01.43.51:016][735]Cmd: MAP LOAD FILE="../../../../../../Users/Carlos-PC/Documents/Unreal Projects/01_CoolPinguin/CoolPenguin/CoolPenguin/Content/MyAssets/Levels/sublevel_01.umap" TEMPLATE=0 SHOWPROGRESS=1 FEATURELEVEL=3
[2019.02.22-01.43.51:017][735]LightingResults: New page: Lighting Build
[2019.02.22-01.43.51:017][735]LoadErrors: New page: Loading map: sublevel_01.umap
[2019.02.22-01.43.51:020][735]MapCheck: New page: Map Check
[2019.02.22-01.43.51:020][735]LightingResults: New page: Lighting Build
[2019.02.22-01.43.51:204][735]LogAIModule: Creating AISystem for world sublevel_01
[2019.02.22-01.43.51:278][735]LogEditorServer: Finished looking for orphan Actors (0.000 secs)
[2019.02.22-01.43.51:353][735]Cmd: MAP CHECKDEP NOCLEARLOG
[2019.02.22-01.43.51:353][735]MapCheck: Map check complete: 0 Error(s), 0 Warning(s), took 0.181ms to complete.
[2019.02.22-01.43.51:354][735]LogFileHelpers: Loading map 'sublevel_01' took 0.338
[2019.02.22-01.43.59:687][714]LogSlate: FSceneViewport::OnFocusLost() reason 0
[2019.02.22-01.43.59:847][731]LogOutputDevice: Warning: 

Script Stack (0 frames):

[2019.02.22-01.43.59:847][731]LogWindows: Windows GetLastError: La operación se completó correctamente. (0)
[2019.02.22-01.44.08:949][731]LogWindows: Error: === Critical error: ===
[2019.02.22-01.44.08:949][731]LogWindows: Error: 
[2019.02.22-01.44.08:949][731]LogWindows: Error: Fatal error: [File:D:\Build\++UE4\Sync\Engine\Source\Runtime\CoreUObject\Private\UObject\Obj.cpp] [Line: 200] 
[2019.02.22-01.44.08:949][731]LogWindows: Error: Renaming an object (Package /Game/MyAssets/Levels/Level01_BuiltData) on top of an existing object (Package /Game/MyAssets/Levels/Level01_BACKUP_10176_BuiltData) is not allowed
[2019.02.22-01.44.08:949][731]LogWindows: Error: 
[2019.02.22-01.44.08:949][731]LogWindows: Error: 
[2019.02.22-01.44.08:949][731]LogWindows: Error: [Callstack] 0x00007ffc9232a388 KERNELBASE.dll!UnknownFunction []
[2019.02.22-01.44.08:949][731]LogWindows: Error: [Callstack] 0x00007ffc2dc7cd1a UE4Editor-Core.dll!UnknownFunction []
[2019.02.22-01.44.08:949][731]LogWindows: Error: [Callstack] 0x00007ffc2da5a967 UE4Editor-Core.dll!UnknownFunction []
[2019.02.22-01.44.08:949][731]LogWindows: Error: [Callstack] 0x00007ffc2d990df7 UE4Editor-Core.dll!UnknownFunction []
[2019.02.22-01.44.08:949][731]LogWindows: Error: [Callstack] 0x00007ffc59ebe081 UE4Editor-CoreUObject.dll!UnknownFunction []
[2019.02.22-01.44.08:949][731]LogWindows: Error: [Callstack] 0x00007ffc2bf9c0e3 UE4Editor-Engine.dll!UnknownFunction []
[2019.02.22-01.44.08:949][731]LogWindows: Error: [Callstack] 0x00007ffc2bf90731 UE4Editor-Engine.dll!UnknownFunction []
[2019.02.22-01.44.08:949][731]LogWindows: Error: [Callstack] 0x00007ffc59e8d25a UE4Editor-CoreUObject.dll!UnknownFunction []
[2019.02.22-01.44.08:949][731]LogWindows: Error: [Callstack] 0x00007ffc59eb1d8a UE4Editor-CoreUObject.dll!UnknownFunction []
[2019.02.22-01.44.08:949][731]LogWindows: Error: [Callstack] 0x00007ffc59e8d1c5 UE4Editor-CoreUObject.dll!UnknownFunction []
[2019.02.22-01.44.08:950][731]LogWindows: Error: [Callstack] 0x00007ffc59eb1d8a UE4Editor-CoreUObject.dll!UnknownFunction []
[2019.02.22-01.44.08:950][731]LogWindows: Error: [Callstack] 0x00007ffc2aba1491 UE4Editor-Engine.dll!UnknownFunction []
[2019.02.22-01.44.08:950][731]LogWindows: Error: [Callstack] 0x00007ffc59e8d1c5 UE4Editor-CoreUObject.dll!UnknownFunction []
[2019.02.22-01.44.08:950][731]LogWindows: Error: [Callstack] 0x00007ffc59eb1d8a UE4Editor-CoreUObject.dll!UnknownFunction []
[2019.02.22-01.44.08:950][731]LogWindows: Error: [Callstack] 0x00007ffc59e8d1c5 UE4Editor-CoreUObject.dll!UnknownFunction []
[2019.02.22-01.44.08:950][731]LogWindows: Error: [Callstack] 0x00007ffc59f6a335 UE4Editor-CoreUObject.dll!UnknownFunction []
[2019.02.22-01.44.08:950][731]LogWindows: Error: [Callstack] 0x00007ffc59f7f2b4 UE4Editor-CoreUObject.dll!UnknownFunction []
[2019.02.22-01.44.08:950][731]LogWindows: Error: [Callstack] 0x00007ffc59f7e4a9 UE4Editor-CoreUObject.dll!UnknownFunction []
[2019.02.22-01.44.08:950][731]LogWindows: Error: [Callstack] 0x00007ffc59f92e29 UE4Editor-CoreUObject.dll!UnknownFunction []
[2019.02.22-01.44.08:950][731]LogWindows: Error: [Callstack] 0x00007ffc59f9d768 UE4Editor-CoreUObject.dll!UnknownFunction []
[2019.02.22-01.44.08:950][731]LogWindows: Error: [Callstack] 0x00007ffc59f9cead UE4Editor-CoreUObject.dll!UnknownFunction []
[2019.02.22-01.44.08:950][731]LogWindows: Error: [Callstack] 0x00007ffc1d8db857 UE4Editor-ContentBrowser.dll!UnknownFunction []
[2019.02.22-01.44.08:950][731]LogWindows: Error: [Callstack] 0x00007ffc1d892959 UE4Editor-ContentBrowser.dll!UnknownFunction []
[2019.02.22-01.44.08:950][731]LogWindows: Error: [Callstack] 0x00007ffc1d8e6b33 UE4Editor-ContentBrowser.dll!UnknownFunction []
[2019.02.22-01.44.08:950][731]LogWindows: Error: [Callstack] 0x00007ffc1d8906aa UE4Editor-ContentBrowser.dll!UnknownFunction []
[2019.02.22-01.44.08:950][731]LogWindows: Error: [Callstack] 0x00007ffc1d88cff0 UE4Editor-ContentBrowser.dll!UnknownFunction []
[2019.02.22-01.44.08:950][731]LogWindows: Error: [Callstack] 0x00007ffc1d8f34a0 UE4Editor-ContentBrowser.dll!UnknownFunction []
[2019.02.22-01.44.08:950][731]LogWindows: Error: [Callstack] 0x00007ffc1d8e6fff UE4Editor-ContentBrowser.dll!UnknownFunction []
[2019.02.22-01.44.08:950][731]LogWindows: Error: [Callstack] 0x00007ffc2a49886a UE4Editor-Slate.dll!UnknownFunction []
[2019.02.22-01.44.08:950][731]LogWindows: Error: [Callstack] 0x00007ffc2a53062e UE4Editor-Slate.dll!UnknownFunction []
[2019.02.22-01.44.08:950][731]LogWindows: Error: [Callstack] 0x00007ffc2a5178a4 UE4Editor-Slate.dll!UnknownFunction []
[2019.02.22-01.44.08:950][731]LogWindows: Error: [Callstack] 0x00007ffc2a50aa6a UE4Editor-Slate.dll!UnknownFunction []
[2019.02.22-01.44.08:950][731]LogWindows: Error: [Callstack] 0x00007ffc6171ddce UE4Editor-ApplicationCore.dll!UnknownFunction []
[2019.02.22-01.44.08:950][731]LogWindows: Error: [Callstack] 0x00007ffc61710de0 UE4Editor-ApplicationCore.dll!UnknownFunction []
[2019.02.22-01.44.08:950][731]LogWindows: Error: [Callstack] 0x00007ffc617201eb UE4Editor-ApplicationCore.dll!UnknownFunction []
[2019.02.22-01.44.08:950][731]LogWindows: Error: [Callstack] 0x00007ffc6170ca19 UE4Editor-ApplicationCore.dll!UnknownFunction []
[2019.02.22-01.44.08:950][731]LogWindows: Error: [Callstack] 0x00007ffc95706d41 USER32.dll!UnknownFunction []
[2019.02.22-01.44.08:950][731]LogWindows: Error: [Callstack] 0x00007ffc95706713 USER32.dll!UnknownFunction []
[2019.02.22-01.44.08:950][731]LogWindows: Error: [Callstack] 0x00007ffc61721746 UE4Editor-ApplicationCore.dll!UnknownFunction []
[2019.02.22-01.44.08:950][731]LogWindows: Error: [Callstack] 0x00007ff68a305546 UE4Editor.exe!UnknownFunction []
[2019.02.22-01.44.08:950][731]LogWindows: Error: [Callstack] 0x00007ff68a31596c UE4Editor.exe!UnknownFunction []
[2019.02.22-01.44.08:950][731]LogWindows: Error: [Callstack] 0x00007ff68a3159ea UE4Editor.exe!UnknownFunction []
[2019.02.22-01.44.08:950][731]LogWindows: Error: [Callstack] 0x00007ff68a3248da UE4Editor.exe!UnknownFunction []
[2019.02.22-01.44.08:950][731]LogWindows: Error: [Callstack] 0x00007ff68a32659a UE4Editor.exe!UnknownFunction []
[2019.02.22-01.44.08:950][731]LogWindows: Error: [Callstack] 0x00007ffc95913dc4 KERNEL32.DLL!UnknownFunction []
[2019.02.22-01.44.08:950][731]LogWindows: Error: [Callstack] 0x00007ffc95ba3691 ntdll.dll!UnknownFunction []
[2019.02.22-01.44.08:950][731]LogWindows: Error: 
[2019.02.22-01.44.08:968][731]LogExit: Executing StaticShutdownAfterError
[2019.02.22-01.44.08:970][731]LogWindows: FPlatformMisc::RequestExit(1)
[2019.02.22-01.44.08:976][731]Log file closed, 02/21/19 20:44:08
